<?xml version="1.0" encoding="UTF-8"?>
<testsuite xmlns:xsi="http://www.w3.org/2001/XMLSchema-instance" xsi:noNamespaceSchemaLocation="https://maven.apache.org/surefire/maven-surefire-plugin/xsd/surefire-test-report-3.0.xsd" version="3.0" name="TestSuite" time="692.13" tests="250" errors="0" skipped="0" failures="11">
  <properties>
[...]
</properties>
  <testcase name="verifyLogoDisplayed" classname="com.ecom.tests.APITestingPageTest_UI" time="1.152">
    <system-err><![CDATA[SLF4J(W): No SLF4J providers were found.
SLF4J(W): Defaulting to no-operation (NOP) logger implementation
SLF4J(W): See https://www.slf4j.org/codes.html#noProviders for further details.
Sep 15, 2025 12:26:49 AM org.openqa.selenium.devtools.CdpVersionFinder findNearestMatch
WARNING: Unable to find an exact match for CDP version 140, returning the closest version; found: 139; Please update to a Selenium version that supports CDP version 140
]]></system-err>
  </testcase>
  <testcase name="verifyProductsIconDisplayed" classname="com.ecom.tests.APITestingPageTest_UI" time="0.248"/>
  <testcase name="verifyCartIconDisplayed" classname="com.ecom.tests.APITestingPageTest_UI" time="0.239"/>
  <testcase name="verifySignupLoginIconDisplayed" classname="com.ecom.tests.APITestingPageTest_UI" time="0.169"/>
  <testcase name="verifyVideoTutorialsIconDisplayed" classname="com.ecom.tests.APITestingPageTest_UI" time="0.168"/>
  <testcase name="verifyHomeIconDisplayed" classname="com.ecom.tests.APITestingPageTest_UI" time="0.236"/>
  <testcase name="verifyContactUsIconDisplayed" classname="com.ecom.tests.APITestingPageTest_UI" time="0.167"/>
  <testcase name="verifyApiTestingIconDisplayed" classname="com.ecom.tests.APITestingPageTest_UI" time="0.241"/>
  <testcase name="verifyApilistSectionDisplayed" classname="com.ecom.tests.APITestingPageTest_UI" time="0.183"/>
  <testcase name="verifyApiList1LinkDisplayed" classname="com.ecom.tests.APITestingPageTest_UI" time="0.578"/>
  <testcase name="verifyApiList2LinkDisplayed" classname="com.ecom.tests.APITestingPageTest_UI" time="0.533"/>
  <testcase name="verifyApiList3LinkDisplayed" classname="com.ecom.tests.APITestingPageTest_UI" time="0.547"/>
  <testcase name="verifyApiList4LinkDisplayed" classname="com.ecom.tests.APITestingPageTest_UI" time="0.513"/>
  <testcase name="verifyApiList5LinkDisplayed" classname="com.ecom.tests.APITestingPageTest_UI" time="0.609"/>
  <testcase name="verifyApiList6LinkDisplayed" classname="com.ecom.tests.APITestingPageTest_UI" time="0.534"/>
  <testcase name="verifyApiList7LinkDisplayed" classname="com.ecom.tests.APITestingPageTest_UI" time="0.529"/>
  <testcase name="verifyApiList8LinkDisplayed" classname="com.ecom.tests.APITestingPageTest_UI" time="0.516"/>
  <testcase name="verifyApiList9LinkDisplayed" classname="com.ecom.tests.APITestingPageTest_UI" time="0.611"/>
  <testcase name="verifyApiList10LinkDisplayed" classname="com.ecom.tests.APITestingPageTest_UI" time="0.563"/>
  <testcase name="verifyApiList11LinkDisplayed" classname="com.ecom.tests.APITestingPageTest_UI" time="0.559"/>
  <testcase name="verifyApiList12LinkDisplayed" classname="com.ecom.tests.APITestingPageTest_UI" time="0.53"/>
  <testcase name="verifyApiList13LinkDisplayed" classname="com.ecom.tests.APITestingPageTest_UI" time="0.517"/>
  <testcase name="verifyApiList14LinkDisplayed" classname="com.ecom.tests.APITestingPageTest_UI" time="0.497"/>
  <testcase name="verifyFeedbackSectionDisplayed" classname="com.ecom.tests.APITestingPageTest_UI" time="0.159"/>
  <testcase name="verifyFeedbackEmailDisplayed" classname="com.ecom.tests.APITestingPageTest_UI" time="0.243"/>
  <testcase name="verifySubscriptionIconVisible" classname="com.ecom.tests.APITestingPageTest_UI" time="0.245"/>
  <testcase name="verifySubscriptionEmpty" classname="com.ecom.tests.APITestingPageTest_UI" time="0.628"/>
  <testcase name="verifySubscriptionInvalid[kaviyaGma.com](1)" classname="com.ecom.tests.APITestingPageTest_UI" time="2.618">
    <system-out><![CDATA[2025-09-14T18:57:06.129266600Z main ERROR Log4j API could not find a logging provider.
Rows: 2, Cols: 1
]]></system-out>
  </testcase>
  <testcase name="verifySubscriptionValid[kaviya@gmail.com](1)" classname="com.ecom.tests.APITestingPageTest_UI" time="0.493">
    <system-out><![CDATA[Rows: 2, Cols: 1
]]></system-out>
  </testcase>
  <testcase name="verifySubscriptionUseralreadyExist[kaviya@gmail.com](1)" classname="com.ecom.tests.APITestingPageTest_UI" time="0.489">
    <failure message="Subscription success message should NOT be displayed! expected [false] but found [true]" type="java.lang.AssertionError"><![CDATA[java.lang.AssertionError: Subscription success message should NOT be displayed! expected [false] but found [true]
	at org.testng.Assert.fail(Assert.java:111)
	at org.testng.Assert.failNotEquals(Assert.java:1578)
	at org.testng.Assert.assertFalse(Assert.java:79)
	at com.ecom.tests.APITestingPageTest_UI.verifySubscriptionUseralreadyExist(APITestingPageTest_UI.java:393)
	at java.base/jdk.internal.reflect.NativeMethodAccessorImpl.invoke0(Native Method)
	at java.base/jdk.internal.reflect.NativeMethodAccessorImpl.invoke(NativeMethodAccessorImpl.java:77)
	at java.base/jdk.internal.reflect.DelegatingMethodAccessorImpl.invoke(DelegatingMethodAccessorImpl.java:43)
	at java.base/java.lang.reflect.Method.invoke(Method.java:568)
	at org.testng.internal.invokers.MethodInvocationHelper.invokeMethod(MethodInvocationHelper.java:141)
	at org.testng.internal.invokers.TestInvoker.invokeMethod(TestInvoker.java:686)
	at org.testng.internal.invokers.TestInvoker.invokeTestMethod(TestInvoker.java:230)
	at org.testng.internal.invokers.MethodRunner.runInSequence(MethodRunner.java:63)
	at org.testng.internal.invokers.TestInvoker$MethodInvocationAgent.invoke(TestInvoker.java:992)
	at org.testng.internal.invokers.TestInvoker.invokeTestMethods(TestInvoker.java:203)
	at org.testng.internal.invokers.TestMethodWorker.invokeTestMethods(TestMethodWorker.java:154)
	at org.testng.internal.invokers.TestMethodWorker.run(TestMethodWorker.java:134)
	at java.base/java.util.ArrayList.forEach(ArrayList.java:1511)
	at org.testng.TestRunner.privateRun(TestRunner.java:739)
	at org.testng.TestRunner.run(TestRunner.java:614)
	at org.testng.SuiteRunner.runTest(SuiteRunner.java:421)
	at org.testng.SuiteRunner.runSequentially(SuiteRunner.java:413)
	at org.testng.SuiteRunner.privateRun(SuiteRunner.java:373)
	at org.testng.SuiteRunner.run(SuiteRunner.java:312)
	at org.testng.SuiteRunnerWorker.runSuite(SuiteRunnerWorker.java:52)
	at org.testng.SuiteRunnerWorker.run(SuiteRunnerWorker.java:95)
	at org.testng.TestNG.runSuitesSequentially(TestNG.java:1274)
	at org.testng.TestNG.runSuitesLocally(TestNG.java:1208)
	at org.testng.TestNG.runSuites(TestNG.java:1112)
	at org.testng.TestNG.run(TestNG.java:1079)
	at org.apache.maven.surefire.testng.TestNGExecutor.run(TestNGExecutor.java:308)
	at org.apache.maven.surefire.testng.TestNGXmlTestSuite.execute(TestNGXmlTestSuite.java:71)
	at org.apache.maven.surefire.testng.TestNGProvider.invoke(TestNGProvider.java:113)
	at org.apache.maven.surefire.booter.ForkedBooter.runSuitesInProcess(ForkedBooter.java:385)
	at org.apache.maven.surefire.booter.ForkedBooter.execute(ForkedBooter.java:162)
	at org.apache.maven.surefire.booter.ForkedBooter.run(ForkedBooter.java:507)
	at org.apache.maven.surefire.booter.ForkedBooter.main(ForkedBooter.java:495)
]]></failure>
    <system-out><![CDATA[Rows: 2, Cols: 1
]]></system-out>
  </testcase>
  <testcase name="verifyScrollToTopButton" classname="com.ecom.tests.APITestingPageTest_UI" time="0.239"/>
  <testcase name="verifyLogoDisplayed" classname="com.ecom.tests.CartPageTest_UI" time="1.097">
    <system-err><![CDATA[Sep 15, 2025 12:27:13 AM org.openqa.selenium.devtools.CdpVersionFinder findNearestMatch
WARNING: Unable to find an exact match for CDP version 140, returning the closest version; found: 139; Please update to a Selenium version that supports CDP version 140
]]></system-err>
  </testcase>
  <testcase name="verifyProductsIconDisplayed" classname="com.ecom.tests.CartPageTest_UI" time="0.198"/>
  <testcase name="verifyTestCasesDisplayed" classname="com.ecom.tests.CartPageTest_UI" time="0.177"/>
  <testcase name="verifySignupLoginIconDisplayed" classname="com.ecom.tests.CartPageTest_UI" time="0.161"/>
  <testcase name="verifyVideoTutorialsIconDisplayed" classname="com.ecom.tests.CartPageTest_UI" time="0.136"/>
  <testcase name="verifyHomeIconDisplayed" classname="com.ecom.tests.CartPageTest_UI" time="0.12"/>
  <testcase name="verifyContactUsIconDisplayed" classname="com.ecom.tests.CartPageTest_UI" time="0.112"/>
  <testcase name="verifyApiTestingIconDisplayed" classname="com.ecom.tests.CartPageTest_UI" time="0.117"/>
  <testcase name="verifyShoppingCartBreadcrumb" classname="com.ecom.tests.CartPageTest_UI" time="0.126"/>
  <testcase name="verifyEmptyCartHereLink" classname="com.ecom.tests.CartPageTest_UI" time="0.156"/>
  <testcase name="verifyDeleteProductFromCart" classname="com.ecom.tests.CartPageTest_UI" time="8.238"/>
  <testcase name="verifyProceedtoCheckout" classname="com.ecom.tests.CartPageTest_UI" time="0.169"/>
  <testcase name="verifyProductDiaplaytoBuy" classname="com.ecom.tests.CartPageTest_UI" time="0.264"/>
  <testcase name="verifySubscriptionIconVisible" classname="com.ecom.tests.CartPageTest_UI" time="0.177"/>
  <testcase name="verifySubscriptionEmpty" classname="com.ecom.tests.CartPageTest_UI" time="0.492"/>
  <testcase name="verifySubscriptionInvalid[kaviyaGma.com](1)" classname="com.ecom.tests.CartPageTest_UI" time="2.747">
    <system-out><![CDATA[Rows: 2, Cols: 1
]]></system-out>
  </testcase>
  <testcase name="verifySubscriptionValid[kaviya@gmail.com](1)" classname="com.ecom.tests.CartPageTest_UI" time="0.444">
    <system-out><![CDATA[Rows: 2, Cols: 1
]]></system-out>
  </testcase>
  <testcase name="verifySubscriptionUseralreadyExist[kaviya@gmail.com](1)" classname="com.ecom.tests.CartPageTest_UI" time="0.393">
    <failure message="Subscription success message should NOT be displayed! expected [false] but found [true]" type="java.lang.AssertionError"><![CDATA[java.lang.AssertionError: Subscription success message should NOT be displayed! expected [false] but found [true]
	at org.testng.Assert.fail(Assert.java:111)
	at org.testng.Assert.failNotEquals(Assert.java:1578)
	at org.testng.Assert.assertFalse(Assert.java:79)
	at com.ecom.tests.CartPageTest_UI.verifySubscriptionUseralreadyExist(CartPageTest_UI.java:281)
	at java.base/jdk.internal.reflect.NativeMethodAccessorImpl.invoke0(Native Method)
	at java.base/jdk.internal.reflect.NativeMethodAccessorImpl.invoke(NativeMethodAccessorImpl.java:77)
	at java.base/jdk.internal.reflect.DelegatingMethodAccessorImpl.invoke(DelegatingMethodAccessorImpl.java:43)
	at java.base/java.lang.reflect.Method.invoke(Method.java:568)
	at org.testng.internal.invokers.MethodInvocationHelper.invokeMethod(MethodInvocationHelper.java:141)
	at org.testng.internal.invokers.TestInvoker.invokeMethod(TestInvoker.java:686)
	at org.testng.internal.invokers.TestInvoker.invokeTestMethod(TestInvoker.java:230)
	at org.testng.internal.invokers.MethodRunner.runInSequence(MethodRunner.java:63)
	at org.testng.internal.invokers.TestInvoker$MethodInvocationAgent.invoke(TestInvoker.java:992)
	at org.testng.internal.invokers.TestInvoker.invokeTestMethods(TestInvoker.java:203)
	at org.testng.internal.invokers.TestMethodWorker.invokeTestMethods(TestMethodWorker.java:154)
	at org.testng.internal.invokers.TestMethodWorker.run(TestMethodWorker.java:134)
	at java.base/java.util.ArrayList.forEach(ArrayList.java:1511)
	at org.testng.TestRunner.privateRun(TestRunner.java:739)
	at org.testng.TestRunner.run(TestRunner.java:614)
	at org.testng.SuiteRunner.runTest(SuiteRunner.java:421)
	at org.testng.SuiteRunner.runSequentially(SuiteRunner.java:413)
	at org.testng.SuiteRunner.privateRun(SuiteRunner.java:373)
	at org.testng.SuiteRunner.run(SuiteRunner.java:312)
	at org.testng.SuiteRunnerWorker.runSuite(SuiteRunnerWorker.java:52)
	at org.testng.SuiteRunnerWorker.run(SuiteRunnerWorker.java:95)
	at org.testng.TestNG.runSuitesSequentially(TestNG.java:1274)
	at org.testng.TestNG.runSuitesLocally(TestNG.java:1208)
	at org.testng.TestNG.runSuites(TestNG.java:1112)
	at org.testng.TestNG.run(TestNG.java:1079)
	at org.apache.maven.surefire.testng.TestNGExecutor.run(TestNGExecutor.java:308)
	at org.apache.maven.surefire.testng.TestNGXmlTestSuite.execute(TestNGXmlTestSuite.java:71)
	at org.apache.maven.surefire.testng.TestNGProvider.invoke(TestNGProvider.java:113)
	at org.apache.maven.surefire.booter.ForkedBooter.runSuitesInProcess(ForkedBooter.java:385)
	at org.apache.maven.surefire.booter.ForkedBooter.execute(ForkedBooter.java:162)
	at org.apache.maven.surefire.booter.ForkedBooter.run(ForkedBooter.java:507)
	at org.apache.maven.surefire.booter.ForkedBooter.main(ForkedBooter.java:495)
]]></failure>
    <system-out><![CDATA[Rows: 2, Cols: 1
]]></system-out>
  </testcase>
  <testcase name="verifyScrollToTopButton" classname="com.ecom.tests.CartPageTest_UI" time="0.39"/>
  <testcase name="verifyBrowserLaunch" classname="com.ecom.tests.ContactUsPageTest_Functional" time="0.367">
    <system-err><![CDATA[Sep 15, 2025 12:27:36 AM org.openqa.selenium.devtools.CdpVersionFinder findNearestMatch
WARNING: Unable to find an exact match for CDP version 140, returning the closest version; found: 139; Please update to a Selenium version that supports CDP version 140
]]></system-err>
  </testcase>
  <testcase name="verifyContactUsIcon" classname="com.ecom.tests.ContactUsPageTest_Functional" time="2.337"/>
  <testcase name="enterName[Kaviya](1)" classname="com.ecom.tests.ContactUsPageTest_Functional" time="0.469">
    <system-out><![CDATA[Rows: 2, Cols: 1
]]></system-out>
  </testcase>
  <testcase name="enterSubject[Enquiry](1)" classname="com.ecom.tests.ContactUsPageTest_Functional" time="0.316">
    <system-out><![CDATA[Rows: 2, Cols: 1
]]></system-out>
  </testcase>
  <testcase name="enterMessage[I want to know about products.](1)" classname="com.ecom.tests.ContactUsPageTest_Functional" time="0.357">
    <system-out><![CDATA[Rows: 2, Cols: 1
]]></system-out>
  </testcase>
  <testcase name="uploadFile" classname="com.ecom.tests.ContactUsPageTest_Functional" time="0.192"/>
  <testcase name="verifyEmailEmpty[kaviya, Review, Cant able to view review product](1)" classname="com.ecom.tests.ContactUsPageTest_Functional" time="1.098">
    <system-out><![CDATA[Rows: 2, Cols: 3
]]></system-out>
  </testcase>
  <testcase name="verifyEmailInvalid[kaviya, kaviya.com, Review, Cant able to view review product](1)" classname="com.ecom.tests.ContactUsPageTest_Functional" time="1.879">
    <system-out><![CDATA[Rows: 2, Cols: 4
]]></system-out>
  </testcase>
  <testcase name="enterEmail[kaviya@gmail.com](1)" classname="com.ecom.tests.ContactUsPageTest_Functional" time="0.387">
    <system-out><![CDATA[Rows: 2, Cols: 1
]]></system-out>
  </testcase>
  <testcase name="submitForm" classname="com.ecom.tests.ContactUsPageTest_Functional" time="0.377"/>
  <testcase name="verifyNameInvalid[12#, kaviya@gmail.com, Review, Cant able to view review product](1)" classname="com.ecom.tests.ContactUsPageTest_Functional" time="3.66">
    <failure message="Success message should NOT be displayed and pop should rise as Invalid Name expected [false] but found [true]" type="java.lang.AssertionError"><![CDATA[java.lang.AssertionError: Success message should NOT be displayed and pop should rise as Invalid Name expected [false] but found [true]
	at org.testng.Assert.fail(Assert.java:111)
	at org.testng.Assert.failNotEquals(Assert.java:1578)
	at org.testng.Assert.assertFalse(Assert.java:79)
	at com.ecom.tests.ContactUsPageTest_Functional.verifyNameInvalid(ContactUsPageTest_Functional.java:187)
	at java.base/jdk.internal.reflect.NativeMethodAccessorImpl.invoke0(Native Method)
	at java.base/jdk.internal.reflect.NativeMethodAccessorImpl.invoke(NativeMethodAccessorImpl.java:77)
	at java.base/jdk.internal.reflect.DelegatingMethodAccessorImpl.invoke(DelegatingMethodAccessorImpl.java:43)
	at java.base/java.lang.reflect.Method.invoke(Method.java:568)
	at org.testng.internal.invokers.MethodInvocationHelper.invokeMethod(MethodInvocationHelper.java:141)
	at org.testng.internal.invokers.TestInvoker.invokeMethod(TestInvoker.java:686)
	at org.testng.internal.invokers.TestInvoker.invokeTestMethod(TestInvoker.java:230)
	at org.testng.internal.invokers.MethodRunner.runInSequence(MethodRunner.java:63)
	at org.testng.internal.invokers.TestInvoker$MethodInvocationAgent.invoke(TestInvoker.java:992)
	at org.testng.internal.invokers.TestInvoker.invokeTestMethods(TestInvoker.java:203)
	at org.testng.internal.invokers.TestMethodWorker.invokeTestMethods(TestMethodWorker.java:154)
	at org.testng.internal.invokers.TestMethodWorker.run(TestMethodWorker.java:134)
	at java.base/java.util.ArrayList.forEach(ArrayList.java:1511)
	at org.testng.TestRunner.privateRun(TestRunner.java:739)
	at org.testng.TestRunner.run(TestRunner.java:614)
	at org.testng.SuiteRunner.runTest(SuiteRunner.java:421)
	at org.testng.SuiteRunner.runSequentially(SuiteRunner.java:413)
	at org.testng.SuiteRunner.privateRun(SuiteRunner.java:373)
	at org.testng.SuiteRunner.run(SuiteRunner.java:312)
	at org.testng.SuiteRunnerWorker.runSuite(SuiteRunnerWorker.java:52)
	at org.testng.SuiteRunnerWorker.run(SuiteRunnerWorker.java:95)
	at org.testng.TestNG.runSuitesSequentially(TestNG.java:1274)
	at org.testng.TestNG.runSuitesLocally(TestNG.java:1208)
	at org.testng.TestNG.runSuites(TestNG.java:1112)
	at org.testng.TestNG.run(TestNG.java:1079)
	at org.apache.maven.surefire.testng.TestNGExecutor.run(TestNGExecutor.java:308)
	at org.apache.maven.surefire.testng.TestNGXmlTestSuite.execute(TestNGXmlTestSuite.java:71)
	at org.apache.maven.surefire.testng.TestNGProvider.invoke(TestNGProvider.java:113)
	at org.apache.maven.surefire.booter.ForkedBooter.runSuitesInProcess(ForkedBooter.java:385)
	at org.apache.maven.surefire.booter.ForkedBooter.execute(ForkedBooter.java:162)
	at org.apache.maven.surefire.booter.ForkedBooter.run(ForkedBooter.java:507)
	at org.apache.maven.surefire.booter.ForkedBooter.main(ForkedBooter.java:495)
]]></failure>
    <system-out><![CDATA[Rows: 2, Cols: 4
]]></system-out>
  </testcase>
  <testcase name="verifyNoFileAttach[kaviya, kaviya@gmail.com, Review, Cant able to view review product](1)" classname="com.ecom.tests.ContactUsPageTest_Functional" time="2.547">
    <failure message="Success message should NOT be displayed and pop should rise as Invalid Name expected [false] but found [true]" type="java.lang.AssertionError"><![CDATA[java.lang.AssertionError: Success message should NOT be displayed and pop should rise as Invalid Name expected [false] but found [true]
	at org.testng.Assert.fail(Assert.java:111)
	at org.testng.Assert.failNotEquals(Assert.java:1578)
	at org.testng.Assert.assertFalse(Assert.java:79)
	at com.ecom.tests.ContactUsPageTest_Functional.verifyNoFileAttach(ContactUsPageTest_Functional.java:213)
	at java.base/jdk.internal.reflect.NativeMethodAccessorImpl.invoke0(Native Method)
	at java.base/jdk.internal.reflect.NativeMethodAccessorImpl.invoke(NativeMethodAccessorImpl.java:77)
	at java.base/jdk.internal.reflect.DelegatingMethodAccessorImpl.invoke(DelegatingMethodAccessorImpl.java:43)
	at java.base/java.lang.reflect.Method.invoke(Method.java:568)
	at org.testng.internal.invokers.MethodInvocationHelper.invokeMethod(MethodInvocationHelper.java:141)
	at org.testng.internal.invokers.TestInvoker.invokeMethod(TestInvoker.java:686)
	at org.testng.internal.invokers.TestInvoker.invokeTestMethod(TestInvoker.java:230)
	at org.testng.internal.invokers.MethodRunner.runInSequence(MethodRunner.java:63)
	at org.testng.internal.invokers.TestInvoker$MethodInvocationAgent.invoke(TestInvoker.java:992)
	at org.testng.internal.invokers.TestInvoker.invokeTestMethods(TestInvoker.java:203)
	at org.testng.internal.invokers.TestMethodWorker.invokeTestMethods(TestMethodWorker.java:154)
	at org.testng.internal.invokers.TestMethodWorker.run(TestMethodWorker.java:134)
	at java.base/java.util.ArrayList.forEach(ArrayList.java:1511)
	at org.testng.TestRunner.privateRun(TestRunner.java:739)
	at org.testng.TestRunner.run(TestRunner.java:614)
	at org.testng.SuiteRunner.runTest(SuiteRunner.java:421)
	at org.testng.SuiteRunner.runSequentially(SuiteRunner.java:413)
	at org.testng.SuiteRunner.privateRun(SuiteRunner.java:373)
	at org.testng.SuiteRunner.run(SuiteRunner.java:312)
	at org.testng.SuiteRunnerWorker.runSuite(SuiteRunnerWorker.java:52)
	at org.testng.SuiteRunnerWorker.run(SuiteRunnerWorker.java:95)
	at org.testng.TestNG.runSuitesSequentially(TestNG.java:1274)
	at org.testng.TestNG.runSuitesLocally(TestNG.java:1208)
	at org.testng.TestNG.runSuites(TestNG.java:1112)
	at org.testng.TestNG.run(TestNG.java:1079)
	at org.apache.maven.surefire.testng.TestNGExecutor.run(TestNGExecutor.java:308)
	at org.apache.maven.surefire.testng.TestNGXmlTestSuite.execute(TestNGXmlTestSuite.java:71)
	at org.apache.maven.surefire.testng.TestNGProvider.invoke(TestNGProvider.java:113)
	at org.apache.maven.surefire.booter.ForkedBooter.runSuitesInProcess(ForkedBooter.java:385)
	at org.apache.maven.surefire.booter.ForkedBooter.execute(ForkedBooter.java:162)
	at org.apache.maven.surefire.booter.ForkedBooter.run(ForkedBooter.java:507)
	at org.apache.maven.surefire.booter.ForkedBooter.main(ForkedBooter.java:495)
]]></failure>
    <system-out><![CDATA[Rows: 2, Cols: 4
]]></system-out>
  </testcase>
  <testcase name="verifySubscriptionIconVisible" classname="com.ecom.tests.ContactUsPageTest_Functional" time="0.164"/>
  <testcase name="verifySubscriptionInvalid[testgmail.com](1)" classname="com.ecom.tests.ContactUsPageTest_Functional" time="2.453">
    <system-out><![CDATA[Rows: 2, Cols: 1
]]></system-out>
  </testcase>
  <testcase name="verifySubscriptionEmpty" classname="com.ecom.tests.ContactUsPageTest_Functional" time="1.516"/>
  <testcase name="verifySubscriptionValid[validuser1@test.com](1)" classname="com.ecom.tests.ContactUsPageTest_Functional" time="0.485">
    <system-out><![CDATA[Rows: 2, Cols: 1
]]></system-out>
  </testcase>
  <testcase name="verifySubscriptionUseralreadyExist[validuser1@test.com](1)" classname="com.ecom.tests.ContactUsPageTest_Functional" time="0.713">
    <failure message="Subscription success message is displayed instead of error for already registered email" type="java.lang.AssertionError"><![CDATA[java.lang.AssertionError: Subscription success message is displayed instead of error for already registered email
	at org.testng.Assert.fail(Assert.java:111)
	at com.ecom.tests.ContactUsPageTest_Functional.verifySubscriptionUseralreadyExist(ContactUsPageTest_Functional.java:307)
	at java.base/jdk.internal.reflect.NativeMethodAccessorImpl.invoke0(Native Method)
	at java.base/jdk.internal.reflect.NativeMethodAccessorImpl.invoke(NativeMethodAccessorImpl.java:77)
	at java.base/jdk.internal.reflect.DelegatingMethodAccessorImpl.invoke(DelegatingMethodAccessorImpl.java:43)
	at java.base/java.lang.reflect.Method.invoke(Method.java:568)
	at org.testng.internal.invokers.MethodInvocationHelper.invokeMethod(MethodInvocationHelper.java:141)
	at org.testng.internal.invokers.TestInvoker.invokeMethod(TestInvoker.java:686)
	at org.testng.internal.invokers.TestInvoker.invokeTestMethod(TestInvoker.java:230)
	at org.testng.internal.invokers.MethodRunner.runInSequence(MethodRunner.java:63)
	at org.testng.internal.invokers.TestInvoker$MethodInvocationAgent.invoke(TestInvoker.java:992)
	at org.testng.internal.invokers.TestInvoker.invokeTestMethods(TestInvoker.java:203)
	at org.testng.internal.invokers.TestMethodWorker.invokeTestMethods(TestMethodWorker.java:154)
	at org.testng.internal.invokers.TestMethodWorker.run(TestMethodWorker.java:134)
	at java.base/java.util.ArrayList.forEach(ArrayList.java:1511)
	at org.testng.TestRunner.privateRun(TestRunner.java:739)
	at org.testng.TestRunner.run(TestRunner.java:614)
	at org.testng.SuiteRunner.runTest(SuiteRunner.java:421)
	at org.testng.SuiteRunner.runSequentially(SuiteRunner.java:413)
	at org.testng.SuiteRunner.privateRun(SuiteRunner.java:373)
	at org.testng.SuiteRunner.run(SuiteRunner.java:312)
	at org.testng.SuiteRunnerWorker.runSuite(SuiteRunnerWorker.java:52)
	at org.testng.SuiteRunnerWorker.run(SuiteRunnerWorker.java:95)
	at org.testng.TestNG.runSuitesSequentially(TestNG.java:1274)
	at org.testng.TestNG.runSuitesLocally(TestNG.java:1208)
	at org.testng.TestNG.runSuites(TestNG.java:1112)
	at org.testng.TestNG.run(TestNG.java:1079)
	at org.apache.maven.surefire.testng.TestNGExecutor.run(TestNGExecutor.java:308)
	at org.apache.maven.surefire.testng.TestNGXmlTestSuite.execute(TestNGXmlTestSuite.java:71)
	at org.apache.maven.surefire.testng.TestNGProvider.invoke(TestNGProvider.java:113)
	at org.apache.maven.surefire.booter.ForkedBooter.runSuitesInProcess(ForkedBooter.java:385)
	at org.apache.maven.surefire.booter.ForkedBooter.execute(ForkedBooter.java:162)
	at org.apache.maven.surefire.booter.ForkedBooter.run(ForkedBooter.java:507)
	at org.apache.maven.surefire.booter.ForkedBooter.main(ForkedBooter.java:495)
]]></failure>
    <system-out><![CDATA[Rows: 2, Cols: 1
]]></system-out>
  </testcase>
  <testcase name="verifyScrollToTopButton" classname="com.ecom.tests.ContactUsPageTest_Functional" time="0.318"/>
  <testcase name="verifyNavigationBackToHome" classname="com.ecom.tests.ContactUsPageTest_Functional" time="4.738"/>
  <testcase name="verifyBrowserLaunch" classname="com.ecom.tests.ProductPageTest_Functional" time="0.244">
    <system-err><![CDATA[Sep 15, 2025 12:28:13 AM org.openqa.selenium.devtools.CdpVersionFinder findNearestMatch
WARNING: Unable to find an exact match for CDP version 140, returning the closest version; found: 139; Please update to a Selenium version that supports CDP version 140
]]></system-err>
  </testcase>
  <testcase name="verifyContactUsIcon" classname="com.ecom.tests.ProductPageTest_Functional" time="3.495"/>
  <testcase name="verifyAllProductSection" classname="com.ecom.tests.ProductPageTest_Functional" time="0.249"/>
  <testcase name="verifyAddToCart" classname="com.ecom.tests.ProductPageTest_Functional" time="2.564"/>
  <testcase name="verifyViewProductButton" classname="com.ecom.tests.ProductPageTest_Functional" time="1.142"/>
  <testcase name="verifyProductDetail" classname="com.ecom.tests.ProductPageTest_Functional" time="0.156"/>
  <testcase name="verifyProductName" classname="com.ecom.tests.ProductPageTest_Functional" time="0.172"/>
  <testcase name="verifyProductCategory" classname="com.ecom.tests.ProductPageTest_Functional" time="0.133"/>
  <testcase name="verifyProductPrice" classname="com.ecom.tests.ProductPageTest_Functional" time="0.132"/>
  <testcase name="verifyProductAvailability" classname="com.ecom.tests.ProductPageTest_Functional" time="0.147"/>
  <testcase name="verifyProductCondition" classname="com.ecom.tests.ProductPageTest_Functional" time="0.17"/>
  <testcase name="verifyProductBrand" classname="com.ecom.tests.ProductPageTest_Functional" time="0.145"/>
  <testcase name="verifyWriteYourReview[TestUser1 , test1@example.com, This is my first review.](1)" classname="com.ecom.tests.ProductPageTest_Functional" time="0.661">
    <system-out><![CDATA[Rows: 2, Cols: 3
]]></system-out>
  </testcase>
  <testcase name="verifyProductSearch[Jeans](1)" classname="com.ecom.tests.ProductPageTest_Functional" time="9.237">
    <system-out><![CDATA[Rows: 2, Cols: 1
]]></system-out>
  </testcase>
  <testcase name="verifySearchProductsSection" classname="com.ecom.tests.ProductPageTest_Functional" time="0.26"/>
  <testcase name="verifySubscriptionIconVisible" classname="com.ecom.tests.ProductPageTest_Functional" time="0.188"/>
  <testcase name="verifySubscriptionEmpty" classname="com.ecom.tests.ProductPageTest_Functional" time="0.46"/>
  <testcase name="verifySubscriptionInvalid[kaviyaGma.com](1)" classname="com.ecom.tests.ProductPageTest_Functional" time="2.643">
    <system-out><![CDATA[Rows: 2, Cols: 1
]]></system-out>
  </testcase>
  <testcase name="verifySubscriptionValid[kaviya@gmail.com](1)" classname="com.ecom.tests.ProductPageTest_Functional" time="0.415">
    <system-out><![CDATA[Rows: 2, Cols: 1
]]></system-out>
  </testcase>
  <testcase name="verifySubscriptionUseralreadyExist[kaviya@gmail.com](1)" classname="com.ecom.tests.ProductPageTest_Functional" time="0.462">
    <failure message="Subscription success message should NOT be displayed! expected [false] but found [true]" type="java.lang.AssertionError"><![CDATA[java.lang.AssertionError: Subscription success message should NOT be displayed! expected [false] but found [true]
	at org.testng.Assert.fail(Assert.java:111)
	at org.testng.Assert.failNotEquals(Assert.java:1578)
	at org.testng.Assert.assertFalse(Assert.java:79)
	at com.ecom.tests.ProductPageTest_Functional.verifySubscriptionUseralreadyExist(ProductPageTest_Functional.java:324)
	at java.base/jdk.internal.reflect.NativeMethodAccessorImpl.invoke0(Native Method)
	at java.base/jdk.internal.reflect.NativeMethodAccessorImpl.invoke(NativeMethodAccessorImpl.java:77)
	at java.base/jdk.internal.reflect.DelegatingMethodAccessorImpl.invoke(DelegatingMethodAccessorImpl.java:43)
	at java.base/java.lang.reflect.Method.invoke(Method.java:568)
	at org.testng.internal.invokers.MethodInvocationHelper.invokeMethod(MethodInvocationHelper.java:141)
	at org.testng.internal.invokers.TestInvoker.invokeMethod(TestInvoker.java:686)
	at org.testng.internal.invokers.TestInvoker.invokeTestMethod(TestInvoker.java:230)
	at org.testng.internal.invokers.MethodRunner.runInSequence(MethodRunner.java:63)
	at org.testng.internal.invokers.TestInvoker$MethodInvocationAgent.invoke(TestInvoker.java:992)
	at org.testng.internal.invokers.TestInvoker.invokeTestMethods(TestInvoker.java:203)
	at org.testng.internal.invokers.TestMethodWorker.invokeTestMethods(TestMethodWorker.java:154)
	at org.testng.internal.invokers.TestMethodWorker.run(TestMethodWorker.java:134)
	at java.base/java.util.ArrayList.forEach(ArrayList.java:1511)
	at org.testng.TestRunner.privateRun(TestRunner.java:739)
	at org.testng.TestRunner.run(TestRunner.java:614)
	at org.testng.SuiteRunner.runTest(SuiteRunner.java:421)
	at org.testng.SuiteRunner.runSequentially(SuiteRunner.java:413)
	at org.testng.SuiteRunner.privateRun(SuiteRunner.java:373)
	at org.testng.SuiteRunner.run(SuiteRunner.java:312)
	at org.testng.SuiteRunnerWorker.runSuite(SuiteRunnerWorker.java:52)
	at org.testng.SuiteRunnerWorker.run(SuiteRunnerWorker.java:95)
	at org.testng.TestNG.runSuitesSequentially(TestNG.java:1274)
	at org.testng.TestNG.runSuitesLocally(TestNG.java:1208)
	at org.testng.TestNG.runSuites(TestNG.java:1112)
	at org.testng.TestNG.run(TestNG.java:1079)
	at org.apache.maven.surefire.testng.TestNGExecutor.run(TestNGExecutor.java:308)
	at org.apache.maven.surefire.testng.TestNGXmlTestSuite.execute(TestNGXmlTestSuite.java:71)
	at org.apache.maven.surefire.testng.TestNGProvider.invoke(TestNGProvider.java:113)
	at org.apache.maven.surefire.booter.ForkedBooter.runSuitesInProcess(ForkedBooter.java:385)
	at org.apache.maven.surefire.booter.ForkedBooter.execute(ForkedBooter.java:162)
	at org.apache.maven.surefire.booter.ForkedBooter.run(ForkedBooter.java:507)
	at org.apache.maven.surefire.booter.ForkedBooter.main(ForkedBooter.java:495)
]]></failure>
    <system-out><![CDATA[Rows: 2, Cols: 1
]]></system-out>
  </testcase>
  <testcase name="verifyScrollToTopButton" classname="com.ecom.tests.ProductPageTest_Functional" time="0.274"/>
  <testcase name="verifyBrowserLaunch" classname="com.ecom.tests.RegisterPageTest_Functional" time="0.239">
    <system-err><![CDATA[Sep 15, 2025 12:28:42 AM org.openqa.selenium.devtools.CdpVersionFinder findNearestMatch
WARNING: Unable to find an exact match for CDP version 140, returning the closest version; found: 139; Please update to a Selenium version that supports CDP version 140
]]></system-err>
  </testcase>
  <testcase name="verifyHomePageVisibility" classname="com.ecom.tests.RegisterPageTest_Functional" time="0.163"/>
  <testcase name="verifySignupLoginButtonAvailability" classname="com.ecom.tests.RegisterPageTest_Functional" time="0.948"/>
  <testcase name="verifySignupLoginNavigation" classname="com.ecom.tests.RegisterPageTest_Functional" time="0.218"/>
  <testcase name="verifyNewUserSignupSectionVisibility" classname="com.ecom.tests.RegisterPageTest_Functional" time="0.159"/>
  <testcase name="verifyExistSignup[Test user c, kaviya@gmail.com](1)" classname="com.ecom.tests.RegisterPageTest_Functional" time="2.771">
    <system-out><![CDATA[Rows: 2, Cols: 2
]]></system-out>
  </testcase>
  <testcase name="verifyInvalidName[12#3, kaviya900@gmail.com](1)" classname="com.ecom.tests.RegisterPageTest_Functional" time="2.27">
    <failure message="Navigation to Create Account should NOT happen with invalid name" type="java.lang.AssertionError"><![CDATA[java.lang.AssertionError: Navigation to Create Account should NOT happen with invalid name
	at org.testng.Assert.fail(Assert.java:111)
	at com.ecom.tests.RegisterPageTest_Functional.verifyInvalidName(RegisterPageTest_Functional.java:106)
	at java.base/jdk.internal.reflect.NativeMethodAccessorImpl.invoke0(Native Method)
	at java.base/jdk.internal.reflect.NativeMethodAccessorImpl.invoke(NativeMethodAccessorImpl.java:77)
	at java.base/jdk.internal.reflect.DelegatingMethodAccessorImpl.invoke(DelegatingMethodAccessorImpl.java:43)
	at java.base/java.lang.reflect.Method.invoke(Method.java:568)
	at org.testng.internal.invokers.MethodInvocationHelper.invokeMethod(MethodInvocationHelper.java:141)
	at org.testng.internal.invokers.TestInvoker.invokeMethod(TestInvoker.java:686)
	at org.testng.internal.invokers.TestInvoker.invokeTestMethod(TestInvoker.java:230)
	at org.testng.internal.invokers.MethodRunner.runInSequence(MethodRunner.java:63)
	at org.testng.internal.invokers.TestInvoker$MethodInvocationAgent.invoke(TestInvoker.java:992)
	at org.testng.internal.invokers.TestInvoker.invokeTestMethods(TestInvoker.java:203)
	at org.testng.internal.invokers.TestMethodWorker.invokeTestMethods(TestMethodWorker.java:154)
	at org.testng.internal.invokers.TestMethodWorker.run(TestMethodWorker.java:134)
	at java.base/java.util.ArrayList.forEach(ArrayList.java:1511)
	at org.testng.TestRunner.privateRun(TestRunner.java:739)
	at org.testng.TestRunner.run(TestRunner.java:614)
	at org.testng.SuiteRunner.runTest(SuiteRunner.java:421)
	at org.testng.SuiteRunner.runSequentially(SuiteRunner.java:413)
	at org.testng.SuiteRunner.privateRun(SuiteRunner.java:373)
	at org.testng.SuiteRunner.run(SuiteRunner.java:312)
	at org.testng.SuiteRunnerWorker.runSuite(SuiteRunnerWorker.java:52)
	at org.testng.SuiteRunnerWorker.run(SuiteRunnerWorker.java:95)
	at org.testng.TestNG.runSuitesSequentially(TestNG.java:1274)
	at org.testng.TestNG.runSuitesLocally(TestNG.java:1208)
	at org.testng.TestNG.runSuites(TestNG.java:1112)
	at org.testng.TestNG.run(TestNG.java:1079)
	at org.apache.maven.surefire.testng.TestNGExecutor.run(TestNGExecutor.java:308)
	at org.apache.maven.surefire.testng.TestNGXmlTestSuite.execute(TestNGXmlTestSuite.java:71)
	at org.apache.maven.surefire.testng.TestNGProvider.invoke(TestNGProvider.java:113)
	at org.apache.maven.surefire.booter.ForkedBooter.runSuitesInProcess(ForkedBooter.java:385)
	at org.apache.maven.surefire.booter.ForkedBooter.execute(ForkedBooter.java:162)
	at org.apache.maven.surefire.booter.ForkedBooter.run(ForkedBooter.java:507)
	at org.apache.maven.surefire.booter.ForkedBooter.main(ForkedBooter.java:495)
]]></failure>
    <system-out><![CDATA[Rows: 2, Cols: 2
]]></system-out>
  </testcase>
  <testcase name="verifyInvalidEmail[kaviya, kaviya.com](1)" classname="com.ecom.tests.RegisterPageTest_Functional" time="2.733">
    <system-out><![CDATA[Rows: 2, Cols: 2
]]></system-out>
  </testcase>
  <testcase name="verifySignup[Test user c, kavi18177@example.com](1)" classname="com.ecom.tests.RegisterPageTest_Functional" time="2.276">
    <system-out><![CDATA[Rows: 2, Cols: 2
]]></system-out>
  </testcase>
  <testcase name="verifySignuptoCreateAccount" classname="com.ecom.tests.RegisterPageTest_Functional" time="0.119"/>
  <testcase name="selectTitleTest[Mrs](1)" classname="com.ecom.tests.RegisterPageTest_Functional" time="0.318">
    <system-out><![CDATA[Rows: 2, Cols: 1
]]></system-out>
  </testcase>
  <testcase name="enterPasswordTest[Password@123](1)" classname="com.ecom.tests.RegisterPageTest_Functional" time="0.343">
    <system-out><![CDATA[Rows: 2, Cols: 1
]]></system-out>
  </testcase>
  <testcase name="selectDateOfBirthTest[18, March, 2006](1)" classname="com.ecom.tests.RegisterPageTest_Functional" time="0.492">
    <system-out><![CDATA[Rows: 3, Cols: 3
]]></system-out>
  </testcase>
  <testcase name="selectNewsletterTest" classname="com.ecom.tests.RegisterPageTest_Functional" time="0.33"/>
  <testcase name="verifySpecialOffersCheckbox" classname="com.ecom.tests.RegisterPageTest_Functional" time="0.276"/>
  <testcase name="verifyAddressHeading" classname="com.ecom.tests.RegisterPageTest_Functional" time="0.172"/>
  <testcase name="enterFirstName[Kaviya](1)" classname="com.ecom.tests.RegisterPageTest_Functional" time="0.326">
    <system-out><![CDATA[Rows: 2, Cols: 1
]]></system-out>
  </testcase>
  <testcase name="enterLastName[Anjali](1)" classname="com.ecom.tests.RegisterPageTest_Functional" time="0.253">
    <system-out><![CDATA[Rows: 2, Cols: 1
]]></system-out>
  </testcase>
  <testcase name="enterCompany[CGI](1)" classname="com.ecom.tests.RegisterPageTest_Functional" time="0.263">
    <system-out><![CDATA[Rows: 2, Cols: 1
]]></system-out>
  </testcase>
  <testcase name="enterAddress1[123 Main Street](1)" classname="com.ecom.tests.RegisterPageTest_Functional" time="0.279">
    <system-out><![CDATA[Rows: 2, Cols: 1
]]></system-out>
  </testcase>
  <testcase name="enterAddress2[Block C](1)" classname="com.ecom.tests.RegisterPageTest_Functional" time="0.217">
    <system-out><![CDATA[Rows: 2, Cols: 1
]]></system-out>
  </testcase>
  <testcase name="selectCountry[India](1)" classname="com.ecom.tests.RegisterPageTest_Functional" time="0.195">
    <system-out><![CDATA[Rows: 2, Cols: 1
]]></system-out>
  </testcase>
  <testcase name="enterState[Tamil Nadu](1)" classname="com.ecom.tests.RegisterPageTest_Functional" time="0.393">
    <system-out><![CDATA[Rows: 2, Cols: 1
]]></system-out>
  </testcase>
  <testcase name="enterCity[Chennai](1)" classname="com.ecom.tests.RegisterPageTest_Functional" time="0.355">
    <system-out><![CDATA[Rows: 2, Cols: 1
]]></system-out>
  </testcase>
  <testcase name="enterZipcode[560001](1)" classname="com.ecom.tests.RegisterPageTest_Functional" time="0.24">
    <system-out><![CDATA[Rows: 2, Cols: 1
]]></system-out>
  </testcase>
  <testcase name="enterMobile[1234567891](1)" classname="com.ecom.tests.RegisterPageTest_Functional" time="0.216">
    <system-out><![CDATA[Rows: 2, Cols: 1
]]></system-out>
  </testcase>
  <testcase name="clickCreateAccountButton" classname="com.ecom.tests.RegisterPageTest_Functional" time="2.313"/>
  <testcase name="verifyAccountCreatedMessage" classname="com.ecom.tests.RegisterPageTest_Functional" time="0.202"/>
  <testcase name="verifyLoggedInAsUsername" classname="com.ecom.tests.RegisterPageTest_Functional" time="3.934"/>
  <testcase name="clickDeleteAccount" classname="com.ecom.tests.RegisterPageTest_Functional" time="1.615"/>
  <testcase name="verifyAccountDeletedMessage" classname="com.ecom.tests.RegisterPageTest_Functional" time="0.203"/>
  <testcase name="clickContinueAfterAccountDeleted" classname="com.ecom.tests.RegisterPageTest_Functional" time="2.506"/>
  <testcase name="verifySubscriptionIconVisible" classname="com.ecom.tests.SubscriptionHomePageTest_Functional" time="2.228">
    <system-err><![CDATA[Sep 15, 2025 12:29:19 AM org.openqa.selenium.devtools.CdpVersionFinder findNearestMatch
WARNING: Unable to find an exact match for CDP version 140, returning the closest version; found: 139; Please update to a Selenium version that supports CDP version 140
]]></system-err>
  </testcase>
  <testcase name="verifySubscriptionEmpty" classname="com.ecom.tests.SubscriptionHomePageTest_Functional" time="0.59"/>
  <testcase name="verifySubscriptionInvalid[kaviyaGma.com](1)" classname="com.ecom.tests.SubscriptionHomePageTest_Functional" time="2.713">
    <system-out><![CDATA[Rows: 2, Cols: 1
]]></system-out>
  </testcase>
  <testcase name="verifySubscriptionValid[kaviya@gmail.com](1)" classname="com.ecom.tests.SubscriptionHomePageTest_Functional" time="0.382">
    <system-out><![CDATA[Rows: 2, Cols: 1
]]></system-out>
  </testcase>
  <testcase name="verifySubscriptionUseralreadyExist[kaviya@gmail.com](1)" classname="com.ecom.tests.SubscriptionHomePageTest_Functional" time="0.369">
    <failure message="Subscription success message should NOT be displayed! expected [false] but found [true]" type="java.lang.AssertionError"><![CDATA[java.lang.AssertionError: Subscription success message should NOT be displayed! expected [false] but found [true]
	at org.testng.Assert.fail(Assert.java:111)
	at org.testng.Assert.failNotEquals(Assert.java:1578)
	at org.testng.Assert.assertFalse(Assert.java:79)
	at com.ecom.tests.SubscriptionHomePageTest_Functional.verifySubscriptionUseralreadyExist(SubscriptionHomePageTest_Functional.java:127)
	at java.base/jdk.internal.reflect.NativeMethodAccessorImpl.invoke0(Native Method)
	at java.base/jdk.internal.reflect.NativeMethodAccessorImpl.invoke(NativeMethodAccessorImpl.java:77)
	at java.base/jdk.internal.reflect.DelegatingMethodAccessorImpl.invoke(DelegatingMethodAccessorImpl.java:43)
	at java.base/java.lang.reflect.Method.invoke(Method.java:568)
	at org.testng.internal.invokers.MethodInvocationHelper.invokeMethod(MethodInvocationHelper.java:141)
	at org.testng.internal.invokers.TestInvoker.invokeMethod(TestInvoker.java:686)
	at org.testng.internal.invokers.TestInvoker.invokeTestMethod(TestInvoker.java:230)
	at org.testng.internal.invokers.MethodRunner.runInSequence(MethodRunner.java:63)
	at org.testng.internal.invokers.TestInvoker$MethodInvocationAgent.invoke(TestInvoker.java:992)
	at org.testng.internal.invokers.TestInvoker.invokeTestMethods(TestInvoker.java:203)
	at org.testng.internal.invokers.TestMethodWorker.invokeTestMethods(TestMethodWorker.java:154)
	at org.testng.internal.invokers.TestMethodWorker.run(TestMethodWorker.java:134)
	at java.base/java.util.ArrayList.forEach(ArrayList.java:1511)
	at org.testng.TestRunner.privateRun(TestRunner.java:739)
	at org.testng.TestRunner.run(TestRunner.java:614)
	at org.testng.SuiteRunner.runTest(SuiteRunner.java:421)
	at org.testng.SuiteRunner.runSequentially(SuiteRunner.java:413)
	at org.testng.SuiteRunner.privateRun(SuiteRunner.java:373)
	at org.testng.SuiteRunner.run(SuiteRunner.java:312)
	at org.testng.SuiteRunnerWorker.runSuite(SuiteRunnerWorker.java:52)
	at org.testng.SuiteRunnerWorker.run(SuiteRunnerWorker.java:95)
	at org.testng.TestNG.runSuitesSequentially(TestNG.java:1274)
	at org.testng.TestNG.runSuitesLocally(TestNG.java:1208)
	at org.testng.TestNG.runSuites(TestNG.java:1112)
	at org.testng.TestNG.run(TestNG.java:1079)
	at org.apache.maven.surefire.testng.TestNGExecutor.run(TestNGExecutor.java:308)
	at org.apache.maven.surefire.testng.TestNGXmlTestSuite.execute(TestNGXmlTestSuite.java:71)
	at org.apache.maven.surefire.testng.TestNGProvider.invoke(TestNGProvider.java:113)
	at org.apache.maven.surefire.booter.ForkedBooter.runSuitesInProcess(ForkedBooter.java:385)
	at org.apache.maven.surefire.booter.ForkedBooter.execute(ForkedBooter.java:162)
	at org.apache.maven.surefire.booter.ForkedBooter.run(ForkedBooter.java:507)
	at org.apache.maven.surefire.booter.ForkedBooter.main(ForkedBooter.java:495)
]]></failure>
    <system-out><![CDATA[Rows: 2, Cols: 1
]]></system-out>
  </testcase>
  <testcase name="verifyBrowserLaunch" classname="com.ecom.tests.TestCasesPageTest_Functional" time="0.226">
    <system-err><![CDATA[Sep 15, 2025 12:29:36 AM org.openqa.selenium.devtools.CdpVersionFinder findNearestMatch
WARNING: Unable to find an exact match for CDP version 140, returning the closest version; found: 139; Please update to a Selenium version that supports CDP version 140
]]></system-err>
  </testcase>
  <testcase name="verifyURLLoad" classname="com.ecom.tests.TestCasesPageTest_Functional" time="4.325"/>
  <testcase name="verifyHomePageVisibility" classname="com.ecom.tests.TestCasesPageTest_Functional" time="0.309"/>
  <testcase name="verifyTestCasesButtonAvailability" classname="com.ecom.tests.TestCasesPageTest_Functional" time="0.208"/>
  <testcase name="verifyNavigationToTestCasesPage" classname="com.ecom.tests.TestCasesPageTest_Functional" time="1.112"/>
  <testcase name="verifyTestCasesPageTitle" classname="com.ecom.tests.TestCasesPageTest_Functional" time="0.215"/>
  <testcase name="verifyTestCasesPageContent" classname="com.ecom.tests.TestCasesPageTest_Functional" time="0.151"/>
  <testcase name="verifyDetailedStepsVisibility" classname="com.ecom.tests.TestCasesPageTest_Functional" time="0.605"/>
  <testcase name="verifyFeedbackSectionPresence" classname="com.ecom.tests.TestCasesPageTest_Functional" time="0.199"/>
  <testcase name="verifyHyperlinksPresence" classname="com.ecom.tests.TestCasesPageTest_Functional" time="0.207"/>
  <testcase name="verifyFeedbackEmailPresence" classname="com.ecom.tests.TestCasesPageTest_Functional" time="0.221"/>
  <testcase name="verifyScrollBarFunctionality" classname="com.ecom.tests.TestCasesPageTest_Functional" time="0.14"/>
  <testcase name="verifyScrollToTopArrowFunctionality" classname="com.ecom.tests.TestCasesPageTest_Functional" time="0.294"/>
  <testcase name="verifySubscriptionWithEmptyEmail" classname="com.ecom.tests.TestCasesPageTest_Functional" time="10.974"/>
  <testcase name="verifySubscriptionWithValidEmail[keerthi12@gmail.com](1)" classname="com.ecom.tests.TestCasesPageTest_Functional" time="0.61">
    <system-out><![CDATA[Rows: 2, Cols: 1
]]></system-out>
  </testcase>
  <testcase name="verifySubscriptionWithInvalidEmail[keerthi12gmail.com](1)" classname="com.ecom.tests.TestCasesPageTest_Functional" time="0.515">
    <failure message="Invalid email should not be accepted: keerthi12gmail.com expected [false] but found [true]" type="java.lang.AssertionError"><![CDATA[java.lang.AssertionError: Invalid email should not be accepted: keerthi12gmail.com expected [false] but found [true]
	at org.testng.Assert.fail(Assert.java:111)
	at org.testng.Assert.failNotEquals(Assert.java:1578)
	at org.testng.Assert.assertFalse(Assert.java:79)
	at com.ecom.tests.TestCasesPageTest_Functional.verifySubscriptionWithInvalidEmail(TestCasesPageTest_Functional.java:345)
	at java.base/jdk.internal.reflect.NativeMethodAccessorImpl.invoke0(Native Method)
	at java.base/jdk.internal.reflect.NativeMethodAccessorImpl.invoke(NativeMethodAccessorImpl.java:77)
	at java.base/jdk.internal.reflect.DelegatingMethodAccessorImpl.invoke(DelegatingMethodAccessorImpl.java:43)
	at java.base/java.lang.reflect.Method.invoke(Method.java:568)
	at org.testng.internal.invokers.MethodInvocationHelper.invokeMethod(MethodInvocationHelper.java:141)
	at org.testng.internal.invokers.TestInvoker.invokeMethod(TestInvoker.java:686)
	at org.testng.internal.invokers.TestInvoker.invokeTestMethod(TestInvoker.java:230)
	at org.testng.internal.invokers.MethodRunner.runInSequence(MethodRunner.java:63)
	at org.testng.internal.invokers.TestInvoker$MethodInvocationAgent.invoke(TestInvoker.java:992)
	at org.testng.internal.invokers.TestInvoker.invokeTestMethods(TestInvoker.java:203)
	at org.testng.internal.invokers.TestMethodWorker.invokeTestMethods(TestMethodWorker.java:154)
	at org.testng.internal.invokers.TestMethodWorker.run(TestMethodWorker.java:134)
	at java.base/java.util.ArrayList.forEach(ArrayList.java:1511)
	at org.testng.TestRunner.privateRun(TestRunner.java:739)
	at org.testng.TestRunner.run(TestRunner.java:614)
	at org.testng.SuiteRunner.runTest(SuiteRunner.java:421)
	at org.testng.SuiteRunner.runSequentially(SuiteRunner.java:413)
	at org.testng.SuiteRunner.privateRun(SuiteRunner.java:373)
	at org.testng.SuiteRunner.run(SuiteRunner.java:312)
	at org.testng.SuiteRunnerWorker.runSuite(SuiteRunnerWorker.java:52)
	at org.testng.SuiteRunnerWorker.run(SuiteRunnerWorker.java:95)
	at org.testng.TestNG.runSuitesSequentially(TestNG.java:1274)
	at org.testng.TestNG.runSuitesLocally(TestNG.java:1208)
	at org.testng.TestNG.runSuites(TestNG.java:1112)
	at org.testng.TestNG.run(TestNG.java:1079)
	at org.apache.maven.surefire.testng.TestNGExecutor.run(TestNGExecutor.java:308)
	at org.apache.maven.surefire.testng.TestNGXmlTestSuite.execute(TestNGXmlTestSuite.java:71)
	at org.apache.maven.surefire.testng.TestNGProvider.invoke(TestNGProvider.java:113)
	at org.apache.maven.surefire.booter.ForkedBooter.runSuitesInProcess(ForkedBooter.java:385)
	at org.apache.maven.surefire.booter.ForkedBooter.execute(ForkedBooter.java:162)
	at org.apache.maven.surefire.booter.ForkedBooter.run(ForkedBooter.java:507)
	at org.apache.maven.surefire.booter.ForkedBooter.main(ForkedBooter.java:495)
]]></failure>
    <system-out><![CDATA[Rows: 2, Cols: 1
]]></system-out>
  </testcase>
  <testcase name="verifyLogoDisplayed" classname="com.ecom.tests.TestCasesPageTest_UI" time="1.39">
    <system-err><![CDATA[Sep 15, 2025 12:30:07 AM org.openqa.selenium.devtools.CdpVersionFinder findNearestMatch
WARNING: Unable to find an exact match for CDP version 140, returning the closest version; found: 139; Please update to a Selenium version that supports CDP version 140
]]></system-err>
  </testcase>
  <testcase name="verifyProductsIconDisplayed" classname="com.ecom.tests.TestCasesPageTest_UI" time="0.317"/>
  <testcase name="verifyCartIconDisplayed" classname="com.ecom.tests.TestCasesPageTest_UI" time="0.219"/>
  <testcase name="verifySignupLoginIconDisplayed" classname="com.ecom.tests.TestCasesPageTest_UI" time="0.232"/>
  <testcase name="verifyVideoTutorialsIconDisplayed" classname="com.ecom.tests.TestCasesPageTest_UI" time="0.194"/>
  <testcase name="verifyHomeIconDisplayed" classname="com.ecom.tests.TestCasesPageTest_UI" time="0.266"/>
  <testcase name="verifyContactUsIconDisplayed" classname="com.ecom.tests.TestCasesPageTest_UI" time="0.139"/>
  <testcase name="verifyApiTestingIconDisplayed" classname="com.ecom.tests.TestCasesPageTest_UI" time="0.144"/>
  <testcase name="verifyTestCasesSectionDisplayed" classname="com.ecom.tests.TestCasesPageTest_UI" time="0.192"/>
  <testcase name="verifyTestCase1LinkDisplayed" classname="com.ecom.tests.TestCasesPageTest_UI" time="0.529"/>
  <testcase name="verifyTestCase2LinkDisplayed" classname="com.ecom.tests.TestCasesPageTest_UI" time="0.515"/>
  <testcase name="verifyTestCase3LinkDisplayed" classname="com.ecom.tests.TestCasesPageTest_UI" time="0.536"/>
  <testcase name="verifyTestCase4LinkDisplayed" classname="com.ecom.tests.TestCasesPageTest_UI" time="0.521"/>
  <testcase name="verifyTestCase5LinkDisplayed" classname="com.ecom.tests.TestCasesPageTest_UI" time="0.558"/>
  <testcase name="verifyTestCase6LinkDisplayed" classname="com.ecom.tests.TestCasesPageTest_UI" time="0.535"/>
  <testcase name="verifyTestCase7LinkDisplayed" classname="com.ecom.tests.TestCasesPageTest_UI" time="0.577"/>
  <testcase name="verifyTestCase8LinkDisplayed" classname="com.ecom.tests.TestCasesPageTest_UI" time="0.595"/>
  <testcase name="verifyTestCase9LinkDisplayed" classname="com.ecom.tests.TestCasesPageTest_UI" time="0.537"/>
  <testcase name="verifyTestCase10LinkDisplayed" classname="com.ecom.tests.TestCasesPageTest_UI" time="0.594"/>
  <testcase name="verifyTestCase11LinkDisplayed" classname="com.ecom.tests.TestCasesPageTest_UI" time="0.524"/>
  <testcase name="verifyTestCase12LinkDisplayed" classname="com.ecom.tests.TestCasesPageTest_UI" time="0.476"/>
  <testcase name="verifyTestCase13LinkDisplayed" classname="com.ecom.tests.TestCasesPageTest_UI" time="0.534"/>
  <testcase name="verifyTestCase14LinkDisplayed" classname="com.ecom.tests.TestCasesPageTest_UI" time="0.568"/>
  <testcase name="verifyTestCase15LinkDisplayed" classname="com.ecom.tests.TestCasesPageTest_UI" time="0.53"/>
  <testcase name="verifyTestCase16LinkDisplayed" classname="com.ecom.tests.TestCasesPageTest_UI" time="0.504"/>
  <testcase name="verifyTestCase17LinkDisplayed" classname="com.ecom.tests.TestCasesPageTest_UI" time="0.513"/>
  <testcase name="verifyTestCase18LinkDisplayed" classname="com.ecom.tests.TestCasesPageTest_UI" time="0.534"/>
  <testcase name="verifyTestCase19LinkDisplayed" classname="com.ecom.tests.TestCasesPageTest_UI" time="0.636"/>
  <testcase name="verifyTestCase20LinkDisplayed" classname="com.ecom.tests.TestCasesPageTest_UI" time="0.553"/>
  <testcase name="verifyTestCase21LinkDisplayed" classname="com.ecom.tests.TestCasesPageTest_UI" time="0.494"/>
  <testcase name="verifyTestCase22LinkDisplayed" classname="com.ecom.tests.TestCasesPageTest_UI" time="0.494"/>
  <testcase name="verifyTestCase23LinkDisplayed" classname="com.ecom.tests.TestCasesPageTest_UI" time="0.53"/>
  <testcase name="verifyTestCase24LinkDisplayed" classname="com.ecom.tests.TestCasesPageTest_UI" time="0.515"/>
  <testcase name="verifyTestCase25LinkDisplayed" classname="com.ecom.tests.TestCasesPageTest_UI" time="0.542"/>
  <testcase name="verifyTestCase26LinkDisplayed" classname="com.ecom.tests.TestCasesPageTest_UI" time="0.498"/>
  <testcase name="verifyFeedbackSectionDisplayed" classname="com.ecom.tests.TestCasesPageTest_UI" time="0.168"/>
  <testcase name="verifyFeedbackEmailDisplayed" classname="com.ecom.tests.TestCasesPageTest_UI" time="0.283"/>
  <testcase name="verifySubscriptionIconVisible" classname="com.ecom.tests.TestCasesPageTest_UI" time="0.19"/>
  <testcase name="verifySubscriptionEmpty" classname="com.ecom.tests.TestCasesPageTest_UI" time="0.618"/>
  <testcase name="verifySubscriptionInvalid[kaviyaGma.com](1)" classname="com.ecom.tests.TestCasesPageTest_UI" time="2.527">
    <system-out><![CDATA[Rows: 2, Cols: 1
]]></system-out>
  </testcase>
  <testcase name="verifySubscriptionValid[kaviya@gmail.com](1)" classname="com.ecom.tests.TestCasesPageTest_UI" time="0.439">
    <system-out><![CDATA[Rows: 2, Cols: 1
]]></system-out>
  </testcase>
  <testcase name="verifySubscriptionUseralreadyExist[kaviya@gmail.com](1)" classname="com.ecom.tests.TestCasesPageTest_UI" time="0.42">
    <failure message="Subscription success message should NOT be displayed! expected [false] but found [true]" type="java.lang.AssertionError"><![CDATA[java.lang.AssertionError: Subscription success message should NOT be displayed! expected [false] but found [true]
	at org.testng.Assert.fail(Assert.java:111)
	at org.testng.Assert.failNotEquals(Assert.java:1578)
	at org.testng.Assert.assertFalse(Assert.java:79)
	at com.ecom.tests.TestCasesPageTest_UI.verifySubscriptionUseralreadyExist(TestCasesPageTest_UI.java:524)
	at java.base/jdk.internal.reflect.NativeMethodAccessorImpl.invoke0(Native Method)
	at java.base/jdk.internal.reflect.NativeMethodAccessorImpl.invoke(NativeMethodAccessorImpl.java:77)
	at java.base/jdk.internal.reflect.DelegatingMethodAccessorImpl.invoke(DelegatingMethodAccessorImpl.java:43)
	at java.base/java.lang.reflect.Method.invoke(Method.java:568)
	at org.testng.internal.invokers.MethodInvocationHelper.invokeMethod(MethodInvocationHelper.java:141)
	at org.testng.internal.invokers.TestInvoker.invokeMethod(TestInvoker.java:686)
	at org.testng.internal.invokers.TestInvoker.invokeTestMethod(TestInvoker.java:230)
	at org.testng.internal.invokers.MethodRunner.runInSequence(MethodRunner.java:63)
	at org.testng.internal.invokers.TestInvoker$MethodInvocationAgent.invoke(TestInvoker.java:992)
	at org.testng.internal.invokers.TestInvoker.invokeTestMethods(TestInvoker.java:203)
	at org.testng.internal.invokers.TestMethodWorker.invokeTestMethods(TestMethodWorker.java:154)
	at org.testng.internal.invokers.TestMethodWorker.run(TestMethodWorker.java:134)
	at java.base/java.util.ArrayList.forEach(ArrayList.java:1511)
	at org.testng.TestRunner.privateRun(TestRunner.java:739)
	at org.testng.TestRunner.run(TestRunner.java:614)
	at org.testng.SuiteRunner.runTest(SuiteRunner.java:421)
	at org.testng.SuiteRunner.runSequentially(SuiteRunner.java:413)
	at org.testng.SuiteRunner.privateRun(SuiteRunner.java:373)
	at org.testng.SuiteRunner.run(SuiteRunner.java:312)
	at org.testng.SuiteRunnerWorker.runSuite(SuiteRunnerWorker.java:52)
	at org.testng.SuiteRunnerWorker.run(SuiteRunnerWorker.java:95)
	at org.testng.TestNG.runSuitesSequentially(TestNG.java:1274)
	at org.testng.TestNG.runSuitesLocally(TestNG.java:1208)
	at org.testng.TestNG.runSuites(TestNG.java:1112)
	at org.testng.TestNG.run(TestNG.java:1079)
	at org.apache.maven.surefire.testng.TestNGExecutor.run(TestNGExecutor.java:308)
	at org.apache.maven.surefire.testng.TestNGXmlTestSuite.execute(TestNGXmlTestSuite.java:71)
	at org.apache.maven.surefire.testng.TestNGProvider.invoke(TestNGProvider.java:113)
	at org.apache.maven.surefire.booter.ForkedBooter.runSuitesInProcess(ForkedBooter.java:385)
	at org.apache.maven.surefire.booter.ForkedBooter.execute(ForkedBooter.java:162)
	at org.apache.maven.surefire.booter.ForkedBooter.run(ForkedBooter.java:507)
	at org.apache.maven.surefire.booter.ForkedBooter.main(ForkedBooter.java:495)
]]></failure>
    <system-out><![CDATA[Rows: 2, Cols: 1
]]></system-out>
  </testcase>
  <testcase name="verifyScrollToTopButton" classname="com.ecom.tests.TestCasesPageTest_UI" time="0.255"/>
  <testcase name="verifyAutomationEngineerLogoIsVisible" classname="com.ecom.tests.UI_HomePageTest" time="4.726">
    <system-err><![CDATA[Sep 15, 2025 12:30:36 AM org.openqa.selenium.devtools.CdpVersionFinder findNearestMatch
WARNING: Unable to find an exact match for CDP version 140, returning the closest version; found: 139; Please update to a Selenium version that supports CDP version 140
]]></system-err>
  </testcase>
  <testcase name="verifyProductsButtonIsVisibleAndNavigates" classname="com.ecom.tests.UI_HomePageTest" time="11.424"/>
  <testcase name="verifyCartButtonIsVisibleAndNavigates" classname="com.ecom.tests.UI_HomePageTest" time="5.307"/>
  <testcase name="verifySignupLoginButtonIsVisibleAndNavigates" classname="com.ecom.tests.UI_HomePageTest" time="4.645"/>
  <testcase name="verifyContactUsButtonIsVisibleAndNavigates" classname="com.ecom.tests.UI_HomePageTest" time="4.524"/>
  <testcase name="verifyTestCasesButtonIsVisibleAndNavigates" classname="com.ecom.tests.UI_HomePageTest" time="3.56"/>
  <testcase name="verifyApiTestingButtonIsVisibleAndNavigates" classname="com.ecom.tests.UI_HomePageTest" time="4.02"/>
  <testcase name="verifyVideoTutorialsButtonIsVisibleAndNavigatesAndReturns" classname="com.ecom.tests.UI_HomePageTest" time="9.72"/>
  <testcase name="verifyScrollBarFunctionalityOnHomePage" classname="com.ecom.tests.UI_HomePageTest" time="3.3"/>
  <testcase name="verifyScrollToTopArrowFunctionality" classname="com.ecom.tests.UI_HomePageTest" time="6.6"/>
  <testcase name="verifySubscriptionIconIsVisibleOnHomePage" classname="com.ecom.tests.UI_HomePageTest" time="4.552"/>
  <testcase name="verifySubscriptionScenarios[keerthi@gmail.com, valid](1)" classname="com.ecom.tests.UI_HomePageTest" time="3.339">
    <system-out><![CDATA[Rows: 5, Cols: 2
]]></system-out>
  </testcase>
  <testcase name="verifySubscriptionScenarios[keerthigmail.com, invalid](2)" classname="com.ecom.tests.UI_HomePageTest" time="3.133"/>
  <testcase name="verifySubscriptionScenarios[, blank](3)" classname="com.ecom.tests.UI_HomePageTest" time="2.73"/>
  <testcase name="verifySubscriptionScenarios[keerthi@gmail.com, duplicate](4)" classname="com.ecom.tests.UI_HomePageTest" time="2.44"/>
  <testcase name="verifyViewProductButtonIsVisible" classname="com.ecom.tests.UI_HomePageTest" time="2.064"/>
  <testcase name="verifyBrandsSectionIsVisible" classname="com.ecom.tests.UI_HomePageTest" time="2.048"/>
  <testcase name="verifyCategorySectionIsVisible" classname="com.ecom.tests.UI_HomePageTest" time="1.866"/>
  <testcase name="verifyFeaturedItemsSectionIsVisible" classname="com.ecom.tests.UI_HomePageTest" time="1.998"/>
  <testcase name="verifyRecommendedItemsSectionIsVisible" classname="com.ecom.tests.UI_HomePageTest" time="2.001"/>
  <testcase name="verifyCarouselIndicatorDotIsVisibleAndWorking" classname="com.ecom.tests.UI_HomePageTest" time="1.911"/>
  <testcase name="verifyLogoImagePresence" classname="com.ecom.tests.UI_LoginPageTest" time="1.159">
    <system-err><![CDATA[Sep 15, 2025 12:32:09 AM org.openqa.selenium.devtools.CdpVersionFinder findNearestMatch
WARNING: Unable to find an exact match for CDP version 140, returning the closest version; found: 139; Please update to a Selenium version that supports CDP version 140
]]></system-err>
  </testcase>
  <testcase name="verifySignupButtonPresence" classname="com.ecom.tests.UI_LoginPageTest" time="0.972"/>
  <testcase name="verifySignupWithValidData[Keerthana , keerthi123@gmail.com](1)" classname="com.ecom.tests.UI_LoginPageTest" time="12.246">
    <system-out><![CDATA[Rows: 2, Cols: 2
]]></system-out>
  </testcase>
  <testcase name="verifySignupWithInvalidEmail[Keerthana V S, keerthanavs12@gmail.com](1)" classname="com.ecom.tests.UI_LoginPageTest" time="2.937">
    <system-out><![CDATA[Rows: 2, Cols: 2
]]></system-out>
  </testcase>
  <testcase name="verifySignupEdgeCases[, keerthanavs@gmail.com, NoNameValidEmail](1)" classname="com.ecom.tests.UI_LoginPageTest" time="11.576">
    <system-out><![CDATA[Rows: 4, Cols: 3
]]></system-out>
  </testcase>
  <testcase name="verifySignupEdgeCases[Keerthana V S, , ValidNameNoEmail](2)" classname="com.ecom.tests.UI_LoginPageTest" time="12.054"/>
  <testcase name="verifySignupEdgeCases[, , NoNameNoEmail](3)" classname="com.ecom.tests.UI_LoginPageTest" time="12.143"/>
  <testcase name="verifyLoginButtonIsVisibleOnSignupLoginPage" classname="com.ecom.tests.UI_LoginPageTest" time="40.441"/>
  <testcase name="verifyLoginEdgeCases[keerthanavs@gmail.com, Keerthi123, InvalidEmailInvalidPassword](1)" classname="com.ecom.tests.UI_LoginPageTest" time="22.899">
    <system-out><![CDATA[Rows: 7, Cols: 3
]]></system-out>
  </testcase>
  <testcase name="verifyLoginEdgeCases[keerthanavs12@gmail.com, Keerthi123, ValidEmailInvalidPassword](2)" classname="com.ecom.tests.UI_LoginPageTest" time="22.836"/>
  <testcase name="verifyLoginEdgeCases[keerthanavs@gmail.com, Keerthi@123, InvalidEmailValidPassword](3)" classname="com.ecom.tests.UI_LoginPageTest" time="23.401"/>
  <testcase name="verifyLoginEdgeCases[, , BlankEmailBlankPassword](4)" classname="com.ecom.tests.UI_LoginPageTest" time="32.163"/>
  <testcase name="verifyLoginEdgeCases[, Keerthi@123, BlankEmailValidPassword](5)" classname="com.ecom.tests.UI_LoginPageTest" time="32.683"/>
  <testcase name="verifyLoginEdgeCases[keerthanavs12@gmail.com, , ValidEmailBlankPassword](6)" classname="com.ecom.tests.UI_LoginPageTest" time="32.377"/>
  <testcase name="verifyValidLogin[keerthanavs12@gmail.com, Keerthi@123, ValidLogin](1)" classname="com.ecom.tests.UI_LoginPageTest" time="16.731">
    <system-out><![CDATA[Rows: 2, Cols: 3
]]></system-out>
  </testcase>
  <testcase name="verifyScrollBarFunctionalityOnSignupLoginPage" classname="com.ecom.tests.UI_LoginPageTest" time="11.753"/>
  <testcase name="verifyScrollToTopArrowFunctionalityOnSignupLoginPage" classname="com.ecom.tests.UI_LoginPageTest" time="13.895"/>
  <testcase name="verifySubscriptionIconIsVisibleOnSignupLoginPage" classname="com.ecom.tests.UI_LoginPageTest" time="11.801"/>
  <testcase name="verifySignupLoginPageLabels" classname="com.ecom.tests.UI_LoginPageTest" time="11.74"/>
  <testcase name="verifyNavigationIconsOnSignupLoginPage" classname="com.ecom.tests.UI_LoginPageTest" time="11.966"/>
  <testcase name="verifyLogoDisplayed" classname="com.ecom.tests.UI_ProductPageTest" time="4.706">
    <system-err><![CDATA[Sep 15, 2025 12:37:55 AM org.openqa.selenium.devtools.CdpVersionFinder findNearestMatch
WARNING: Unable to find an exact match for CDP version 140, returning the closest version; found: 139; Please update to a Selenium version that supports CDP version 140
]]></system-err>
  </testcase>
  <testcase name="verifyCartIconDisplayed" classname="com.ecom.tests.UI_ProductPageTest" time="0.254"/>
  <testcase name="verifyTestCasesDisplayed" classname="com.ecom.tests.UI_ProductPageTest" time="0.179"/>
  <testcase name="verifySignupLoginIconDisplayed" classname="com.ecom.tests.UI_ProductPageTest" time="0.132"/>
  <testcase name="verifyVideoTutorialsIconDisplayed" classname="com.ecom.tests.UI_ProductPageTest" time="0.132"/>
  <testcase name="verifyHomeIconDisplayed" classname="com.ecom.tests.UI_ProductPageTest" time="0.159"/>
  <testcase name="verifyContactUsIconDisplayed" classname="com.ecom.tests.UI_ProductPageTest" time="0.142"/>
  <testcase name="verifyApiTestingIconDisplayed" classname="com.ecom.tests.UI_ProductPageTest" time="0.131"/>
  <testcase name="verifyPromotionalBannerDisplayed" classname="com.ecom.tests.UI_ProductPageTest" time="0.154"/>
  <testcase name="verifyAllProductSection" classname="com.ecom.tests.UI_ProductPageTest" time="0.273"/>
  <testcase name="verifyAddProductIcon" classname="com.ecom.tests.UI_ProductPageTest" time="0.284"/>
  <testcase name="verifyViewProductIcon" classname="com.ecom.tests.UI_ProductPageTest" time="0.208"/>
  <testcase name="verifyCategorySection" classname="com.ecom.tests.UI_ProductPageTest" time="0.212"/>
  <testcase name="verifyBrandsSection" classname="com.ecom.tests.UI_ProductPageTest" time="0.231"/>
  <testcase name="verifyProductSearch[Jeans](1)" classname="com.ecom.tests.UI_ProductPageTest" time="2.62">
    <system-out><![CDATA[Rows: 2, Cols: 1
]]></system-out>
  </testcase>
  <testcase name="verifySearchProductsSection" classname="com.ecom.tests.UI_ProductPageTest" time="0.253"/>
  <testcase name="verifyCategoryAndBrandNavigation" classname="com.ecom.tests.UI_ProductPageTest" time="0.527"/>
  <testcase name="verifySubscriptionIconVisible" classname="com.ecom.tests.UI_ProductPageTest" time="0.188"/>
  <testcase name="verifySubscriptionEmpty" classname="com.ecom.tests.UI_ProductPageTest" time="0.606"/>
  <testcase name="verifySubscriptionInvalid[kaviyaGma.com](1)" classname="com.ecom.tests.UI_ProductPageTest" time="2.6">
    <system-out><![CDATA[Rows: 2, Cols: 1
]]></system-out>
  </testcase>
  <testcase name="verifySubscriptionValid[kaviya@gmail.com](1)" classname="com.ecom.tests.UI_ProductPageTest" time="0.398">
    <system-out><![CDATA[Rows: 2, Cols: 1
]]></system-out>
  </testcase>
  <testcase name="verifySubscriptionUseralreadyExist[kaviya@gmail.com](1)" classname="com.ecom.tests.UI_ProductPageTest" time="0.38">
    <failure message="Subscription success message should NOT be displayed! expected [false] but found [true]" type="java.lang.AssertionError"><![CDATA[java.lang.AssertionError: Subscription success message should NOT be displayed! expected [false] but found [true]
	at org.testng.Assert.fail(Assert.java:111)
	at org.testng.Assert.failNotEquals(Assert.java:1578)
	at org.testng.Assert.assertFalse(Assert.java:79)
	at com.ecom.tests.UI_ProductPageTest.verifySubscriptionUseralreadyExist(UI_ProductPageTest.java:330)
	at java.base/jdk.internal.reflect.NativeMethodAccessorImpl.invoke0(Native Method)
	at java.base/jdk.internal.reflect.NativeMethodAccessorImpl.invoke(NativeMethodAccessorImpl.java:77)
	at java.base/jdk.internal.reflect.DelegatingMethodAccessorImpl.invoke(DelegatingMethodAccessorImpl.java:43)
	at java.base/java.lang.reflect.Method.invoke(Method.java:568)
	at org.testng.internal.invokers.MethodInvocationHelper.invokeMethod(MethodInvocationHelper.java:141)
	at org.testng.internal.invokers.TestInvoker.invokeMethod(TestInvoker.java:686)
	at org.testng.internal.invokers.TestInvoker.invokeTestMethod(TestInvoker.java:230)
	at org.testng.internal.invokers.MethodRunner.runInSequence(MethodRunner.java:63)
	at org.testng.internal.invokers.TestInvoker$MethodInvocationAgent.invoke(TestInvoker.java:992)
	at org.testng.internal.invokers.TestInvoker.invokeTestMethods(TestInvoker.java:203)
	at org.testng.internal.invokers.TestMethodWorker.invokeTestMethods(TestMethodWorker.java:154)
	at org.testng.internal.invokers.TestMethodWorker.run(TestMethodWorker.java:134)
	at java.base/java.util.ArrayList.forEach(ArrayList.java:1511)
	at org.testng.TestRunner.privateRun(TestRunner.java:739)
	at org.testng.TestRunner.run(TestRunner.java:614)
	at org.testng.SuiteRunner.runTest(SuiteRunner.java:421)
	at org.testng.SuiteRunner.runSequentially(SuiteRunner.java:413)
	at org.testng.SuiteRunner.privateRun(SuiteRunner.java:373)
	at org.testng.SuiteRunner.run(SuiteRunner.java:312)
	at org.testng.SuiteRunnerWorker.runSuite(SuiteRunnerWorker.java:52)
	at org.testng.SuiteRunnerWorker.run(SuiteRunnerWorker.java:95)
	at org.testng.TestNG.runSuitesSequentially(TestNG.java:1274)
	at org.testng.TestNG.runSuitesLocally(TestNG.java:1208)
	at org.testng.TestNG.runSuites(TestNG.java:1112)
	at org.testng.TestNG.run(TestNG.java:1079)
	at org.apache.maven.surefire.testng.TestNGExecutor.run(TestNGExecutor.java:308)
	at org.apache.maven.surefire.testng.TestNGXmlTestSuite.execute(TestNGXmlTestSuite.java:71)
	at org.apache.maven.surefire.testng.TestNGProvider.invoke(TestNGProvider.java:113)
	at org.apache.maven.surefire.booter.ForkedBooter.runSuitesInProcess(ForkedBooter.java:385)
	at org.apache.maven.surefire.booter.ForkedBooter.execute(ForkedBooter.java:162)
	at org.apache.maven.surefire.booter.ForkedBooter.run(ForkedBooter.java:507)
	at org.apache.maven.surefire.booter.ForkedBooter.main(ForkedBooter.java:495)
]]></failure>
    <system-out><![CDATA[Rows: 2, Cols: 1
]]></system-out>
  </testcase>
  <testcase name="verifyScrollToTopButton" classname="com.ecom.tests.UI_ProductPageTest" time="0.297"/>
</testsuite>