<?xml version="1.0" encoding="UTF-8"?>
<testng-results ignored="0" total="250" passed="239" failed="11" skipped="0">
  <reporter-output>
  </reporter-output>
  <suite started-at="2025-09-15T00:26:47 IST" name="Suite" finished-at="2025-09-15T00:38:16 IST" duration-ms="689323">
    <groups>
    </groups>
    <test started-at="2025-09-15T00:26:47 IST" name="UI and Functional Test" finished-at="2025-09-15T00:38:16 IST" duration-ms="689323">
      <class name="com.ecom.tests.ProductPageTest_Functional">
        <test-method is-config="true" signature="setupClass()[pri:0, instance:com.ecom.tests.ProductPageTest_Functional@186f8716]" started-at="2025-09-15T00:28:12 IST" name="setupClass" finished-at="2025-09-15T00:28:17 IST" duration-ms="5264" status="PASS">
          <reporter-output>
          </reporter-output>
        </test-method> <!-- setupClass -->
        <test-method is-config="true" signature="setUpPage()[pri:0, instance:com.ecom.tests.ProductPageTest_Functional@186f8716]" started-at="2025-09-15T00:28:17 IST" name="setUpPage" finished-at="2025-09-15T00:28:17 IST" duration-ms="3" status="PASS">
          <reporter-output>
          </reporter-output>
        </test-method> <!-- setUpPage -->
        <test-method signature="verifyBrowserLaunch()[pri:1, instance:com.ecom.tests.ProductPageTest_Functional@186f8716]" started-at="2025-09-15T00:28:17 IST" name="verifyBrowserLaunch" finished-at="2025-09-15T00:28:17 IST" duration-ms="244" status="PASS">
          <reporter-output>
          </reporter-output>
        </test-method> <!-- verifyBrowserLaunch -->
        <test-method is-config="true" signature="setUpPage()[pri:0, instance:com.ecom.tests.ProductPageTest_Functional@186f8716]" started-at="2025-09-15T00:28:17 IST" name="setUpPage" finished-at="2025-09-15T00:28:17 IST" duration-ms="0" status="PASS">
          <reporter-output>
          </reporter-output>
        </test-method> <!-- setUpPage -->
        <test-method signature="verifyContactUsIcon()[pri:2, instance:com.ecom.tests.ProductPageTest_Functional@186f8716]" started-at="2025-09-15T00:28:17 IST" name="verifyContactUsIcon" finished-at="2025-09-15T00:28:21 IST" duration-ms="3494" status="PASS">
          <reporter-output>
          </reporter-output>
        </test-method> <!-- verifyContactUsIcon -->
        <test-method is-config="true" signature="setUpPage()[pri:0, instance:com.ecom.tests.ProductPageTest_Functional@186f8716]" started-at="2025-09-15T00:28:21 IST" name="setUpPage" finished-at="2025-09-15T00:28:21 IST" duration-ms="0" status="PASS">
          <reporter-output>
          </reporter-output>
        </test-method> <!-- setUpPage -->
        <test-method signature="verifyAllProductSection()[pri:3, instance:com.ecom.tests.ProductPageTest_Functional@186f8716]" started-at="2025-09-15T00:28:21 IST" name="verifyAllProductSection" finished-at="2025-09-15T00:28:21 IST" duration-ms="248" status="PASS">
          <reporter-output>
          </reporter-output>
        </test-method> <!-- verifyAllProductSection -->
        <test-method signature="verifyAddToCart()[pri:4, instance:com.ecom.tests.ProductPageTest_Functional@186f8716]" started-at="2025-09-15T00:28:21 IST" name="verifyAddToCart" finished-at="2025-09-15T00:28:23 IST" duration-ms="2564" status="PASS">
          <reporter-output>
          </reporter-output>
        </test-method> <!-- verifyAddToCart -->
        <test-method is-config="true" signature="setUpPage()[pri:0, instance:com.ecom.tests.ProductPageTest_Functional@186f8716]" started-at="2025-09-15T00:28:21 IST" name="setUpPage" finished-at="2025-09-15T00:28:21 IST" duration-ms="0" status="PASS">
          <reporter-output>
          </reporter-output>
        </test-method> <!-- setUpPage -->
        <test-method signature="verifyViewProductButton()[pri:5, instance:com.ecom.tests.ProductPageTest_Functional@186f8716]" started-at="2025-09-15T00:28:23 IST" name="verifyViewProductButton" finished-at="2025-09-15T00:28:25 IST" duration-ms="1143" status="PASS">
          <reporter-output>
          </reporter-output>
        </test-method> <!-- verifyViewProductButton -->
        <test-method is-config="true" signature="setUpPage()[pri:0, instance:com.ecom.tests.ProductPageTest_Functional@186f8716]" started-at="2025-09-15T00:28:23 IST" name="setUpPage" finished-at="2025-09-15T00:28:23 IST" duration-ms="0" status="PASS">
          <reporter-output>
          </reporter-output>
        </test-method> <!-- setUpPage -->
        <test-method signature="verifyProductDetail()[pri:6, instance:com.ecom.tests.ProductPageTest_Functional@186f8716]" started-at="2025-09-15T00:28:25 IST" name="verifyProductDetail" finished-at="2025-09-15T00:28:25 IST" duration-ms="157" status="PASS">
          <reporter-output>
          </reporter-output>
        </test-method> <!-- verifyProductDetail -->
        <test-method is-config="true" signature="setUpPage()[pri:0, instance:com.ecom.tests.ProductPageTest_Functional@186f8716]" started-at="2025-09-15T00:28:25 IST" name="setUpPage" finished-at="2025-09-15T00:28:25 IST" duration-ms="0" status="PASS">
          <reporter-output>
          </reporter-output>
        </test-method> <!-- setUpPage -->
        <test-method signature="verifyProductName()[pri:7, instance:com.ecom.tests.ProductPageTest_Functional@186f8716]" started-at="2025-09-15T00:28:25 IST" name="verifyProductName" finished-at="2025-09-15T00:28:25 IST" duration-ms="172" status="PASS">
          <reporter-output>
          </reporter-output>
        </test-method> <!-- verifyProductName -->
        <test-method is-config="true" signature="setUpPage()[pri:0, instance:com.ecom.tests.ProductPageTest_Functional@186f8716]" started-at="2025-09-15T00:28:25 IST" name="setUpPage" finished-at="2025-09-15T00:28:25 IST" duration-ms="0" status="PASS">
          <reporter-output>
          </reporter-output>
        </test-method> <!-- setUpPage -->
        <test-method signature="verifyProductCategory()[pri:8, instance:com.ecom.tests.ProductPageTest_Functional@186f8716]" started-at="2025-09-15T00:28:25 IST" name="verifyProductCategory" finished-at="2025-09-15T00:28:25 IST" duration-ms="134" status="PASS">
          <reporter-output>
          </reporter-output>
        </test-method> <!-- verifyProductCategory -->
        <test-method is-config="true" signature="setUpPage()[pri:0, instance:com.ecom.tests.ProductPageTest_Functional@186f8716]" started-at="2025-09-15T00:28:25 IST" name="setUpPage" finished-at="2025-09-15T00:28:25 IST" duration-ms="0" status="PASS">
          <reporter-output>
          </reporter-output>
        </test-method> <!-- setUpPage -->
        <test-method signature="verifyProductPrice()[pri:9, instance:com.ecom.tests.ProductPageTest_Functional@186f8716]" started-at="2025-09-15T00:28:25 IST" name="verifyProductPrice" finished-at="2025-09-15T00:28:25 IST" duration-ms="131" status="PASS">
          <reporter-output>
          </reporter-output>
        </test-method> <!-- verifyProductPrice -->
        <test-method is-config="true" signature="setUpPage()[pri:0, instance:com.ecom.tests.ProductPageTest_Functional@186f8716]" started-at="2025-09-15T00:28:25 IST" name="setUpPage" finished-at="2025-09-15T00:28:25 IST" duration-ms="0" status="PASS">
          <reporter-output>
          </reporter-output>
        </test-method> <!-- setUpPage -->
        <test-method signature="verifyProductAvailability()[pri:10, instance:com.ecom.tests.ProductPageTest_Functional@186f8716]" started-at="2025-09-15T00:28:25 IST" name="verifyProductAvailability" finished-at="2025-09-15T00:28:25 IST" duration-ms="148" status="PASS">
          <reporter-output>
          </reporter-output>
        </test-method> <!-- verifyProductAvailability -->
        <test-method is-config="true" signature="setUpPage()[pri:0, instance:com.ecom.tests.ProductPageTest_Functional@186f8716]" started-at="2025-09-15T00:28:25 IST" name="setUpPage" finished-at="2025-09-15T00:28:25 IST" duration-ms="0" status="PASS">
          <reporter-output>
          </reporter-output>
        </test-method> <!-- setUpPage -->
        <test-method signature="verifyProductCondition()[pri:11, instance:com.ecom.tests.ProductPageTest_Functional@186f8716]" started-at="2025-09-15T00:28:25 IST" name="verifyProductCondition" finished-at="2025-09-15T00:28:25 IST" duration-ms="169" status="PASS">
          <reporter-output>
          </reporter-output>
        </test-method> <!-- verifyProductCondition -->
        <test-method is-config="true" signature="setUpPage()[pri:0, instance:com.ecom.tests.ProductPageTest_Functional@186f8716]" started-at="2025-09-15T00:28:25 IST" name="setUpPage" finished-at="2025-09-15T00:28:25 IST" duration-ms="0" status="PASS">
          <reporter-output>
          </reporter-output>
        </test-method> <!-- setUpPage -->
        <test-method is-config="true" signature="setUpPage()[pri:0, instance:com.ecom.tests.ProductPageTest_Functional@186f8716]" started-at="2025-09-15T00:28:25 IST" name="setUpPage" finished-at="2025-09-15T00:28:25 IST" duration-ms="0" status="PASS">
          <reporter-output>
          </reporter-output>
        </test-method> <!-- setUpPage -->
        <test-method signature="verifyProductBrand()[pri:12, instance:com.ecom.tests.ProductPageTest_Functional@186f8716]" started-at="2025-09-15T00:28:25 IST" name="verifyProductBrand" finished-at="2025-09-15T00:28:26 IST" duration-ms="145" status="PASS">
          <reporter-output>
          </reporter-output>
        </test-method> <!-- verifyProductBrand -->
        <test-method signature="verifyWriteYourReview(java.lang.String,java.lang.String,java.lang.String)[pri:13, instance:com.ecom.tests.ProductPageTest_Functional@186f8716]" started-at="2025-09-15T00:28:26 IST" name="verifyWriteYourReview" data-provider="reviewData" finished-at="2025-09-15T00:28:26 IST" duration-ms="662" status="PASS">
          <params>
            <param index="0">
              <value>
                <![CDATA[TestUser1 ]]>
              </value>
            </param>
            <param index="1">
              <value>
                <![CDATA[test1@example.com]]>
              </value>
            </param>
            <param index="2">
              <value>
                <![CDATA[This is my first review.]]>
              </value>
            </param>
          </params>
          <reporter-output>
          </reporter-output>
        </test-method> <!-- verifyWriteYourReview -->
        <test-method is-config="true" signature="setUpPage()[pri:0, instance:com.ecom.tests.ProductPageTest_Functional@186f8716]" started-at="2025-09-15T00:28:26 IST" name="setUpPage" finished-at="2025-09-15T00:28:26 IST" duration-ms="0" status="PASS">
          <reporter-output>
          </reporter-output>
        </test-method> <!-- setUpPage -->
        <test-method is-config="true" signature="setUpPage()[pri:0, instance:com.ecom.tests.ProductPageTest_Functional@186f8716]" started-at="2025-09-15T00:28:26 IST" name="setUpPage" finished-at="2025-09-15T00:28:26 IST" duration-ms="1" status="PASS">
          <reporter-output>
          </reporter-output>
        </test-method> <!-- setUpPage -->
        <test-method signature="verifyProductSearch(java.lang.String)[pri:14, instance:com.ecom.tests.ProductPageTest_Functional@186f8716]" started-at="2025-09-15T00:28:26 IST" name="verifyProductSearch" data-provider="searchData" finished-at="2025-09-15T00:28:36 IST" duration-ms="9238" status="PASS">
          <params>
            <param index="0">
              <value>
                <![CDATA[Jeans]]>
              </value>
            </param>
          </params>
          <reporter-output>
          </reporter-output>
        </test-method> <!-- verifyProductSearch -->
        <test-method signature="verifySearchProductsSection()[pri:15, instance:com.ecom.tests.ProductPageTest_Functional@186f8716]" started-at="2025-09-15T00:28:36 IST" name="verifySearchProductsSection" finished-at="2025-09-15T00:28:36 IST" duration-ms="261" status="PASS">
          <reporter-output>
          </reporter-output>
        </test-method> <!-- verifySearchProductsSection -->
        <test-method is-config="true" signature="setUpPage()[pri:0, instance:com.ecom.tests.ProductPageTest_Functional@186f8716]" started-at="2025-09-15T00:28:36 IST" name="setUpPage" finished-at="2025-09-15T00:28:36 IST" duration-ms="0" status="PASS">
          <reporter-output>
          </reporter-output>
        </test-method> <!-- setUpPage -->
        <test-method is-config="true" signature="setUpPage()[pri:0, instance:com.ecom.tests.ProductPageTest_Functional@186f8716]" started-at="2025-09-15T00:28:36 IST" name="setUpPage" finished-at="2025-09-15T00:28:36 IST" duration-ms="1" status="PASS">
          <reporter-output>
          </reporter-output>
        </test-method> <!-- setUpPage -->
        <test-method signature="verifySubscriptionIconVisible()[pri:16, instance:com.ecom.tests.ProductPageTest_Functional@186f8716]" started-at="2025-09-15T00:28:36 IST" name="verifySubscriptionIconVisible" finished-at="2025-09-15T00:28:36 IST" duration-ms="187" status="PASS">
          <reporter-output>
          </reporter-output>
        </test-method> <!-- verifySubscriptionIconVisible -->
        <test-method signature="verifySubscriptionEmpty()[pri:17, instance:com.ecom.tests.ProductPageTest_Functional@186f8716]" started-at="2025-09-15T00:28:36 IST" name="verifySubscriptionEmpty" finished-at="2025-09-15T00:28:36 IST" duration-ms="460" status="PASS">
          <reporter-output>
          </reporter-output>
        </test-method> <!-- verifySubscriptionEmpty -->
        <test-method is-config="true" signature="setUpPage()[pri:0, instance:com.ecom.tests.ProductPageTest_Functional@186f8716]" started-at="2025-09-15T00:28:36 IST" name="setUpPage" finished-at="2025-09-15T00:28:36 IST" duration-ms="0" status="PASS">
          <reporter-output>
          </reporter-output>
        </test-method> <!-- setUpPage -->
        <test-method is-config="true" signature="setUpPage()[pri:0, instance:com.ecom.tests.ProductPageTest_Functional@186f8716]" started-at="2025-09-15T00:28:37 IST" name="setUpPage" finished-at="2025-09-15T00:28:37 IST" duration-ms="6" status="PASS">
          <reporter-output>
          </reporter-output>
        </test-method> <!-- setUpPage -->
        <test-method signature="verifySubscriptionInvalid(java.lang.String)[pri:18, instance:com.ecom.tests.ProductPageTest_Functional@186f8716]" started-at="2025-09-15T00:28:37 IST" name="verifySubscriptionInvalid" data-provider="subscriptionDataInvalid" finished-at="2025-09-15T00:28:39 IST" duration-ms="2800" status="PASS">
          <params>
            <param index="0">
              <value>
                <![CDATA[kaviyaGma.com]]>
              </value>
            </param>
          </params>
          <reporter-output>
          </reporter-output>
        </test-method> <!-- verifySubscriptionInvalid -->
        <test-method signature="verifySubscriptionValid(java.lang.String)[pri:19, instance:com.ecom.tests.ProductPageTest_Functional@186f8716]" started-at="2025-09-15T00:28:39 IST" name="verifySubscriptionValid" data-provider="subscriptionDataValid" finished-at="2025-09-15T00:28:40 IST" duration-ms="417" status="PASS">
          <params>
            <param index="0">
              <value>
                <![CDATA[kaviya@gmail.com]]>
              </value>
            </param>
          </params>
          <reporter-output>
          </reporter-output>
        </test-method> <!-- verifySubscriptionValid -->
        <test-method is-config="true" signature="setUpPage()[pri:0, instance:com.ecom.tests.ProductPageTest_Functional@186f8716]" started-at="2025-09-15T00:28:39 IST" name="setUpPage" finished-at="2025-09-15T00:28:39 IST" duration-ms="0" status="PASS">
          <reporter-output>
          </reporter-output>
        </test-method> <!-- setUpPage -->
        <test-method signature="verifySubscriptionUseralreadyExist(java.lang.String)[pri:20, instance:com.ecom.tests.ProductPageTest_Functional@186f8716]" started-at="2025-09-15T00:28:40 IST" name="verifySubscriptionUseralreadyExist" data-provider="subscriptionDataValid" finished-at="2025-09-15T00:28:40 IST" duration-ms="517" status="FAIL">
          <params>
            <param index="0">
              <value>
                <![CDATA[kaviya@gmail.com]]>
              </value>
            </param>
          </params>
          <exception class="java.lang.AssertionError">
            <message>
              <![CDATA[Subscription success message should NOT be displayed! expected [false] but found [true]]]>
            </message>
            <full-stacktrace>
              <![CDATA[java.lang.AssertionError: Subscription success message should NOT be displayed! expected [false] but found [true]
at org.testng.Assert.fail(Assert.java:111)
at org.testng.Assert.failNotEquals(Assert.java:1578)
at org.testng.Assert.assertFalse(Assert.java:79)
at com.ecom.tests.ProductPageTest_Functional.verifySubscriptionUseralreadyExist(ProductPageTest_Functional.java:324)
at java.base/jdk.internal.reflect.NativeMethodAccessorImpl.invoke0(Native Method)
at java.base/jdk.internal.reflect.NativeMethodAccessorImpl.invoke(NativeMethodAccessorImpl.java:77)
at java.base/jdk.internal.reflect.DelegatingMethodAccessorImpl.invoke(DelegatingMethodAccessorImpl.java:43)
at java.base/java.lang.reflect.Method.invoke(Method.java:568)
at org.testng.internal.invokers.MethodInvocationHelper.invokeMethod(MethodInvocationHelper.java:141)
at org.testng.internal.invokers.TestInvoker.invokeMethod(TestInvoker.java:686)
at org.testng.internal.invokers.TestInvoker.invokeTestMethod(TestInvoker.java:230)
at org.testng.internal.invokers.MethodRunner.runInSequence(MethodRunner.java:63)
at org.testng.internal.invokers.TestInvoker$MethodInvocationAgent.invoke(TestInvoker.java:992)
at org.testng.internal.invokers.TestInvoker.invokeTestMethods(TestInvoker.java:203)
at org.testng.internal.invokers.TestMethodWorker.invokeTestMethods(TestMethodWorker.java:154)
at org.testng.internal.invokers.TestMethodWorker.run(TestMethodWorker.java:134)
at java.base/java.util.ArrayList.forEach(ArrayList.java:1511)
at org.testng.TestRunner.privateRun(TestRunner.java:739)
at org.testng.TestRunner.run(TestRunner.java:614)
at org.testng.SuiteRunner.runTest(SuiteRunner.java:421)
at org.testng.SuiteRunner.runSequentially(SuiteRunner.java:413)
at org.testng.SuiteRunner.privateRun(SuiteRunner.java:373)
at org.testng.SuiteRunner.run(SuiteRunner.java:312)
at org.testng.SuiteRunnerWorker.runSuite(SuiteRunnerWorker.java:52)
at org.testng.SuiteRunnerWorker.run(SuiteRunnerWorker.java:95)
at org.testng.TestNG.runSuitesSequentially(TestNG.java:1274)
at org.testng.TestNG.runSuitesLocally(TestNG.java:1208)
at org.testng.TestNG.runSuites(TestNG.java:1112)
at org.testng.TestNG.run(TestNG.java:1079)
at org.apache.maven.surefire.testng.TestNGExecutor.run(TestNGExecutor.java:308)
at org.apache.maven.surefire.testng.TestNGXmlTestSuite.execute(TestNGXmlTestSuite.java:71)
at org.apache.maven.surefire.testng.TestNGProvider.invoke(TestNGProvider.java:113)
at org.apache.maven.surefire.booter.ForkedBooter.runSuitesInProcess(ForkedBooter.java:385)
at org.apache.maven.surefire.booter.ForkedBooter.execute(ForkedBooter.java:162)
at org.apache.maven.surefire.booter.ForkedBooter.run(ForkedBooter.java:507)
at org.apache.maven.surefire.booter.ForkedBooter.main(ForkedBooter.java:495)
]]>
            </full-stacktrace>
          </exception> <!-- java.lang.AssertionError -->
          <reporter-output>
          </reporter-output>
        </test-method> <!-- verifySubscriptionUseralreadyExist -->
        <test-method is-config="true" signature="setUpPage()[pri:0, instance:com.ecom.tests.ProductPageTest_Functional@186f8716]" started-at="2025-09-15T00:28:40 IST" name="setUpPage" finished-at="2025-09-15T00:28:40 IST" duration-ms="0" status="PASS">
          <reporter-output>
          </reporter-output>
        </test-method> <!-- setUpPage -->
        <test-method is-config="true" signature="setUpPage()[pri:0, instance:com.ecom.tests.ProductPageTest_Functional@186f8716]" started-at="2025-09-15T00:28:40 IST" name="setUpPage" finished-at="2025-09-15T00:28:40 IST" duration-ms="1" status="PASS">
          <reporter-output>
          </reporter-output>
        </test-method> <!-- setUpPage -->
        <test-method signature="verifyScrollToTopButton()[pri:21, instance:com.ecom.tests.ProductPageTest_Functional@186f8716]" started-at="2025-09-15T00:28:40 IST" name="verifyScrollToTopButton" finished-at="2025-09-15T00:28:41 IST" duration-ms="274" status="PASS">
          <reporter-output>
          </reporter-output>
        </test-method> <!-- verifyScrollToTopButton -->
        <test-method is-config="true" signature="teardownClass()[pri:0, instance:com.ecom.tests.ProductPageTest_Functional@186f8716]" started-at="2025-09-15T00:28:41 IST" name="teardownClass" finished-at="2025-09-15T00:28:41 IST" duration-ms="461" status="PASS">
          <reporter-output>
          </reporter-output>
        </test-method> <!-- teardownClass -->
      </class> <!-- com.ecom.tests.ProductPageTest_Functional -->
      <class name="com.ecom.tests.RegisterPageTest_Functional">
        <test-method is-config="true" signature="setupClass()[pri:0, instance:com.ecom.tests.RegisterPageTest_Functional@1d8bd0de]" started-at="2025-09-15T00:28:41 IST" name="setupClass" finished-at="2025-09-15T00:28:46 IST" duration-ms="5317" status="PASS">
          <reporter-output>
          </reporter-output>
        </test-method> <!-- setupClass -->
        <test-method is-config="true" signature="setUpPage()[pri:0, instance:com.ecom.tests.RegisterPageTest_Functional@1d8bd0de]" started-at="2025-09-15T00:28:46 IST" name="setUpPage" finished-at="2025-09-15T00:28:46 IST" duration-ms="3" status="PASS">
          <reporter-output>
          </reporter-output>
        </test-method> <!-- setUpPage -->
        <test-method signature="verifyBrowserLaunch()[pri:1, instance:com.ecom.tests.RegisterPageTest_Functional@1d8bd0de]" started-at="2025-09-15T00:28:46 IST" name="verifyBrowserLaunch" finished-at="2025-09-15T00:28:47 IST" duration-ms="239" status="PASS">
          <reporter-output>
          </reporter-output>
        </test-method> <!-- verifyBrowserLaunch -->
        <test-method signature="verifyHomePageVisibility()[pri:2, instance:com.ecom.tests.RegisterPageTest_Functional@1d8bd0de]" started-at="2025-09-15T00:28:47 IST" name="verifyHomePageVisibility" finished-at="2025-09-15T00:28:47 IST" duration-ms="164" status="PASS">
          <reporter-output>
          </reporter-output>
        </test-method> <!-- verifyHomePageVisibility -->
        <test-method is-config="true" signature="setUpPage()[pri:0, instance:com.ecom.tests.RegisterPageTest_Functional@1d8bd0de]" started-at="2025-09-15T00:28:47 IST" name="setUpPage" finished-at="2025-09-15T00:28:47 IST" duration-ms="0" status="PASS">
          <reporter-output>
          </reporter-output>
        </test-method> <!-- setUpPage -->
        <test-method is-config="true" signature="setUpPage()[pri:0, instance:com.ecom.tests.RegisterPageTest_Functional@1d8bd0de]" started-at="2025-09-15T00:28:47 IST" name="setUpPage" finished-at="2025-09-15T00:28:47 IST" duration-ms="1" status="PASS">
          <reporter-output>
          </reporter-output>
        </test-method> <!-- setUpPage -->
        <test-method signature="verifySignupLoginButtonAvailability()[pri:3, instance:com.ecom.tests.RegisterPageTest_Functional@1d8bd0de]" started-at="2025-09-15T00:28:47 IST" name="verifySignupLoginButtonAvailability" finished-at="2025-09-15T00:28:48 IST" duration-ms="946" status="PASS">
          <reporter-output>
          </reporter-output>
        </test-method> <!-- verifySignupLoginButtonAvailability -->
        <test-method signature="verifySignupLoginNavigation()[pri:4, instance:com.ecom.tests.RegisterPageTest_Functional@1d8bd0de]" started-at="2025-09-15T00:28:48 IST" name="verifySignupLoginNavigation" finished-at="2025-09-15T00:28:48 IST" duration-ms="219" status="PASS">
          <reporter-output>
          </reporter-output>
        </test-method> <!-- verifySignupLoginNavigation -->
        <test-method is-config="true" signature="setUpPage()[pri:0, instance:com.ecom.tests.RegisterPageTest_Functional@1d8bd0de]" started-at="2025-09-15T00:28:48 IST" name="setUpPage" finished-at="2025-09-15T00:28:48 IST" duration-ms="0" status="PASS">
          <reporter-output>
          </reporter-output>
        </test-method> <!-- setUpPage -->
        <test-method signature="verifyNewUserSignupSectionVisibility()[pri:5, instance:com.ecom.tests.RegisterPageTest_Functional@1d8bd0de]" started-at="2025-09-15T00:28:48 IST" name="verifyNewUserSignupSectionVisibility" finished-at="2025-09-15T00:28:48 IST" duration-ms="156" status="PASS">
          <reporter-output>
          </reporter-output>
        </test-method> <!-- verifyNewUserSignupSectionVisibility -->
        <test-method is-config="true" signature="setUpPage()[pri:0, instance:com.ecom.tests.RegisterPageTest_Functional@1d8bd0de]" started-at="2025-09-15T00:28:48 IST" name="setUpPage" finished-at="2025-09-15T00:28:48 IST" duration-ms="0" status="PASS">
          <reporter-output>
          </reporter-output>
        </test-method> <!-- setUpPage -->
        <test-method is-config="true" signature="setUpPage()[pri:0, instance:com.ecom.tests.RegisterPageTest_Functional@1d8bd0de]" started-at="2025-09-15T00:28:48 IST" name="setUpPage" finished-at="2025-09-15T00:28:48 IST" duration-ms="1" status="PASS">
          <reporter-output>
          </reporter-output>
        </test-method> <!-- setUpPage -->
        <test-method signature="verifyExistSignup(java.lang.String,java.lang.String)[pri:6, instance:com.ecom.tests.RegisterPageTest_Functional@1d8bd0de]" started-at="2025-09-15T00:28:48 IST" name="verifyExistSignup" data-provider="accountData1" finished-at="2025-09-15T00:28:51 IST" duration-ms="2776" status="PASS">
          <params>
            <param index="0">
              <value>
                <![CDATA[Test user c]]>
              </value>
            </param>
            <param index="1">
              <value>
                <![CDATA[kaviya@gmail.com]]>
              </value>
            </param>
          </params>
          <reporter-output>
          </reporter-output>
        </test-method> <!-- verifyExistSignup -->
        <test-method is-config="true" signature="setUpPage()[pri:0, instance:com.ecom.tests.RegisterPageTest_Functional@1d8bd0de]" started-at="2025-09-15T00:28:51 IST" name="setUpPage" finished-at="2025-09-15T00:28:51 IST" duration-ms="1" status="PASS">
          <reporter-output>
          </reporter-output>
        </test-method> <!-- setUpPage -->
        <test-method signature="verifyInvalidName(java.lang.String,java.lang.String)[pri:7, instance:com.ecom.tests.RegisterPageTest_Functional@1d8bd0de]" started-at="2025-09-15T00:28:51 IST" name="verifyInvalidName" data-provider="accountData2" finished-at="2025-09-15T00:28:53 IST" duration-ms="2280" status="FAIL">
          <params>
            <param index="0">
              <value>
                <![CDATA[12#3]]>
              </value>
            </param>
            <param index="1">
              <value>
                <![CDATA[kaviya900@gmail.com]]>
              </value>
            </param>
          </params>
          <exception class="java.lang.AssertionError">
            <message>
              <![CDATA[Navigation to Create Account should NOT happen with invalid name]]>
            </message>
            <full-stacktrace>
              <![CDATA[java.lang.AssertionError: Navigation to Create Account should NOT happen with invalid name
at org.testng.Assert.fail(Assert.java:111)
at com.ecom.tests.RegisterPageTest_Functional.verifyInvalidName(RegisterPageTest_Functional.java:106)
at java.base/jdk.internal.reflect.NativeMethodAccessorImpl.invoke0(Native Method)
at java.base/jdk.internal.reflect.NativeMethodAccessorImpl.invoke(NativeMethodAccessorImpl.java:77)
at java.base/jdk.internal.reflect.DelegatingMethodAccessorImpl.invoke(DelegatingMethodAccessorImpl.java:43)
at java.base/java.lang.reflect.Method.invoke(Method.java:568)
at org.testng.internal.invokers.MethodInvocationHelper.invokeMethod(MethodInvocationHelper.java:141)
at org.testng.internal.invokers.TestInvoker.invokeMethod(TestInvoker.java:686)
at org.testng.internal.invokers.TestInvoker.invokeTestMethod(TestInvoker.java:230)
at org.testng.internal.invokers.MethodRunner.runInSequence(MethodRunner.java:63)
at org.testng.internal.invokers.TestInvoker$MethodInvocationAgent.invoke(TestInvoker.java:992)
at org.testng.internal.invokers.TestInvoker.invokeTestMethods(TestInvoker.java:203)
at org.testng.internal.invokers.TestMethodWorker.invokeTestMethods(TestMethodWorker.java:154)
at org.testng.internal.invokers.TestMethodWorker.run(TestMethodWorker.java:134)
at java.base/java.util.ArrayList.forEach(ArrayList.java:1511)
at org.testng.TestRunner.privateRun(TestRunner.java:739)
at org.testng.TestRunner.run(TestRunner.java:614)
at org.testng.SuiteRunner.runTest(SuiteRunner.java:421)
at org.testng.SuiteRunner.runSequentially(SuiteRunner.java:413)
at org.testng.SuiteRunner.privateRun(SuiteRunner.java:373)
at org.testng.SuiteRunner.run(SuiteRunner.java:312)
at org.testng.SuiteRunnerWorker.runSuite(SuiteRunnerWorker.java:52)
at org.testng.SuiteRunnerWorker.run(SuiteRunnerWorker.java:95)
at org.testng.TestNG.runSuitesSequentially(TestNG.java:1274)
at org.testng.TestNG.runSuitesLocally(TestNG.java:1208)
at org.testng.TestNG.runSuites(TestNG.java:1112)
at org.testng.TestNG.run(TestNG.java:1079)
at org.apache.maven.surefire.testng.TestNGExecutor.run(TestNGExecutor.java:308)
at org.apache.maven.surefire.testng.TestNGXmlTestSuite.execute(TestNGXmlTestSuite.java:71)
at org.apache.maven.surefire.testng.TestNGProvider.invoke(TestNGProvider.java:113)
at org.apache.maven.surefire.booter.ForkedBooter.runSuitesInProcess(ForkedBooter.java:385)
at org.apache.maven.surefire.booter.ForkedBooter.execute(ForkedBooter.java:162)
at org.apache.maven.surefire.booter.ForkedBooter.run(ForkedBooter.java:507)
at org.apache.maven.surefire.booter.ForkedBooter.main(ForkedBooter.java:495)
]]>
            </full-stacktrace>
          </exception> <!-- java.lang.AssertionError -->
          <reporter-output>
          </reporter-output>
        </test-method> <!-- verifyInvalidName -->
        <test-method signature="verifyInvalidEmail(java.lang.String,java.lang.String)[pri:8, instance:com.ecom.tests.RegisterPageTest_Functional@1d8bd0de]" started-at="2025-09-15T00:28:53 IST" name="verifyInvalidEmail" data-provider="accountData3" finished-at="2025-09-15T00:28:56 IST" duration-ms="2736" status="PASS">
          <params>
            <param index="0">
              <value>
                <![CDATA[kaviya]]>
              </value>
            </param>
            <param index="1">
              <value>
                <![CDATA[kaviya.com]]>
              </value>
            </param>
          </params>
          <reporter-output>
          </reporter-output>
        </test-method> <!-- verifyInvalidEmail -->
        <test-method is-config="true" signature="setUpPage()[pri:0, instance:com.ecom.tests.RegisterPageTest_Functional@1d8bd0de]" started-at="2025-09-15T00:28:53 IST" name="setUpPage" finished-at="2025-09-15T00:28:53 IST" duration-ms="0" status="PASS">
          <reporter-output>
          </reporter-output>
        </test-method> <!-- setUpPage -->
        <test-method signature="verifySignup(java.lang.String,java.lang.String)[pri:9, instance:com.ecom.tests.RegisterPageTest_Functional@1d8bd0de]" started-at="2025-09-15T00:28:56 IST" name="verifySignup" data-provider="accountData4" finished-at="2025-09-15T00:28:58 IST" duration-ms="2286" status="PASS">
          <params>
            <param index="0">
              <value>
                <![CDATA[Test user c]]>
              </value>
            </param>
            <param index="1">
              <value>
                <![CDATA[kavi18177@example.com]]>
              </value>
            </param>
          </params>
          <reporter-output>
          </reporter-output>
        </test-method> <!-- verifySignup -->
        <test-method is-config="true" signature="setUpPage()[pri:0, instance:com.ecom.tests.RegisterPageTest_Functional@1d8bd0de]" started-at="2025-09-15T00:28:56 IST" name="setUpPage" finished-at="2025-09-15T00:28:56 IST" duration-ms="0" status="PASS">
          <reporter-output>
          </reporter-output>
        </test-method> <!-- setUpPage -->
        <test-method is-config="true" signature="setUpPage()[pri:0, instance:com.ecom.tests.RegisterPageTest_Functional@1d8bd0de]" started-at="2025-09-15T00:28:58 IST" name="setUpPage" finished-at="2025-09-15T00:28:58 IST" duration-ms="1" status="PASS">
          <reporter-output>
          </reporter-output>
        </test-method> <!-- setUpPage -->
        <test-method signature="verifySignuptoCreateAccount()[pri:10, instance:com.ecom.tests.RegisterPageTest_Functional@1d8bd0de]" started-at="2025-09-15T00:28:58 IST" name="verifySignuptoCreateAccount" finished-at="2025-09-15T00:28:59 IST" duration-ms="118" status="PASS">
          <reporter-output>
          </reporter-output>
        </test-method> <!-- verifySignuptoCreateAccount -->
        <test-method is-config="true" signature="setUpPage()[pri:0, instance:com.ecom.tests.RegisterPageTest_Functional@1d8bd0de]" started-at="2025-09-15T00:28:59 IST" name="setUpPage" finished-at="2025-09-15T00:28:59 IST" duration-ms="1" status="PASS">
          <reporter-output>
          </reporter-output>
        </test-method> <!-- setUpPage -->
        <test-method signature="selectTitleTest(java.lang.String)[pri:11, instance:com.ecom.tests.RegisterPageTest_Functional@1d8bd0de]" started-at="2025-09-15T00:28:59 IST" name="selectTitleTest" data-provider="accountData5" finished-at="2025-09-15T00:28:59 IST" duration-ms="325" status="PASS">
          <params>
            <param index="0">
              <value>
                <![CDATA[Mrs]]>
              </value>
            </param>
          </params>
          <reporter-output>
          </reporter-output>
        </test-method> <!-- selectTitleTest -->
        <test-method is-config="true" signature="setUpPage()[pri:0, instance:com.ecom.tests.RegisterPageTest_Functional@1d8bd0de]" started-at="2025-09-15T00:28:59 IST" name="setUpPage" finished-at="2025-09-15T00:28:59 IST" duration-ms="1" status="PASS">
          <reporter-output>
          </reporter-output>
        </test-method> <!-- setUpPage -->
        <test-method signature="enterPasswordTest(java.lang.String)[pri:12, instance:com.ecom.tests.RegisterPageTest_Functional@1d8bd0de]" started-at="2025-09-15T00:28:59 IST" name="enterPasswordTest" data-provider="accountData6" finished-at="2025-09-15T00:28:59 IST" duration-ms="347" status="PASS">
          <params>
            <param index="0">
              <value>
                <![CDATA[Password@123]]>
              </value>
            </param>
          </params>
          <reporter-output>
          </reporter-output>
        </test-method> <!-- enterPasswordTest -->
        <test-method is-config="true" signature="setUpPage()[pri:0, instance:com.ecom.tests.RegisterPageTest_Functional@1d8bd0de]" started-at="2025-09-15T00:28:59 IST" name="setUpPage" finished-at="2025-09-15T00:28:59 IST" duration-ms="1" status="PASS">
          <reporter-output>
          </reporter-output>
        </test-method> <!-- setUpPage -->
        <test-method signature="selectDateOfBirthTest(java.lang.String,java.lang.String,java.lang.String)[pri:13, instance:com.ecom.tests.RegisterPageTest_Functional@1d8bd0de]" started-at="2025-09-15T00:28:59 IST" name="selectDateOfBirthTest" data-provider="accountData7" finished-at="2025-09-15T00:29:00 IST" duration-ms="505" status="PASS">
          <params>
            <param index="0">
              <value>
                <![CDATA[18]]>
              </value>
            </param>
            <param index="1">
              <value>
                <![CDATA[March]]>
              </value>
            </param>
            <param index="2">
              <value>
                <![CDATA[2006]]>
              </value>
            </param>
          </params>
          <reporter-output>
          </reporter-output>
        </test-method> <!-- selectDateOfBirthTest -->
        <test-method signature="selectNewsletterTest()[pri:14, instance:com.ecom.tests.RegisterPageTest_Functional@1d8bd0de]" started-at="2025-09-15T00:29:00 IST" name="selectNewsletterTest" finished-at="2025-09-15T00:29:00 IST" duration-ms="330" status="PASS">
          <reporter-output>
          </reporter-output>
        </test-method> <!-- selectNewsletterTest -->
        <test-method is-config="true" signature="setUpPage()[pri:0, instance:com.ecom.tests.RegisterPageTest_Functional@1d8bd0de]" started-at="2025-09-15T00:29:00 IST" name="setUpPage" finished-at="2025-09-15T00:29:00 IST" duration-ms="0" status="PASS">
          <reporter-output>
          </reporter-output>
        </test-method> <!-- setUpPage -->
        <test-method is-config="true" signature="setUpPage()[pri:0, instance:com.ecom.tests.RegisterPageTest_Functional@1d8bd0de]" started-at="2025-09-15T00:29:00 IST" name="setUpPage" finished-at="2025-09-15T00:29:00 IST" duration-ms="0" status="PASS">
          <reporter-output>
          </reporter-output>
        </test-method> <!-- setUpPage -->
        <test-method signature="verifySpecialOffersCheckbox()[pri:15, instance:com.ecom.tests.RegisterPageTest_Functional@1d8bd0de]" started-at="2025-09-15T00:29:00 IST" name="verifySpecialOffersCheckbox" finished-at="2025-09-15T00:29:01 IST" duration-ms="276" status="PASS">
          <reporter-output>
          </reporter-output>
        </test-method> <!-- verifySpecialOffersCheckbox -->
        <test-method is-config="true" signature="setUpPage()[pri:0, instance:com.ecom.tests.RegisterPageTest_Functional@1d8bd0de]" started-at="2025-09-15T00:29:01 IST" name="setUpPage" finished-at="2025-09-15T00:29:01 IST" duration-ms="1" status="PASS">
          <reporter-output>
          </reporter-output>
        </test-method> <!-- setUpPage -->
        <test-method signature="verifyAddressHeading()[pri:16, instance:com.ecom.tests.RegisterPageTest_Functional@1d8bd0de]" started-at="2025-09-15T00:29:01 IST" name="verifyAddressHeading" finished-at="2025-09-15T00:29:01 IST" duration-ms="172" status="PASS">
          <reporter-output>
          </reporter-output>
        </test-method> <!-- verifyAddressHeading -->
        <test-method is-config="true" signature="setUpPage()[pri:0, instance:com.ecom.tests.RegisterPageTest_Functional@1d8bd0de]" started-at="2025-09-15T00:29:01 IST" name="setUpPage" finished-at="2025-09-15T00:29:01 IST" duration-ms="0" status="PASS">
          <reporter-output>
          </reporter-output>
        </test-method> <!-- setUpPage -->
        <test-method signature="enterFirstName(java.lang.String)[pri:17, instance:com.ecom.tests.RegisterPageTest_Functional@1d8bd0de]" started-at="2025-09-15T00:29:01 IST" name="enterFirstName" data-provider="accountData8" finished-at="2025-09-15T00:29:01 IST" duration-ms="327" status="PASS">
          <params>
            <param index="0">
              <value>
                <![CDATA[Kaviya]]>
              </value>
            </param>
          </params>
          <reporter-output>
          </reporter-output>
        </test-method> <!-- enterFirstName -->
        <test-method signature="enterLastName(java.lang.String)[pri:18, instance:com.ecom.tests.RegisterPageTest_Functional@1d8bd0de]" started-at="2025-09-15T00:29:01 IST" name="enterLastName" data-provider="accountData9" finished-at="2025-09-15T00:29:01 IST" duration-ms="256" status="PASS">
          <params>
            <param index="0">
              <value>
                <![CDATA[Anjali]]>
              </value>
            </param>
          </params>
          <reporter-output>
          </reporter-output>
        </test-method> <!-- enterLastName -->
        <test-method is-config="true" signature="setUpPage()[pri:0, instance:com.ecom.tests.RegisterPageTest_Functional@1d8bd0de]" started-at="2025-09-15T00:29:01 IST" name="setUpPage" finished-at="2025-09-15T00:29:01 IST" duration-ms="0" status="PASS">
          <reporter-output>
          </reporter-output>
        </test-method> <!-- setUpPage -->
        <test-method signature="enterCompany(java.lang.String)[pri:19, instance:com.ecom.tests.RegisterPageTest_Functional@1d8bd0de]" started-at="2025-09-15T00:29:01 IST" name="enterCompany" data-provider="accountData10" finished-at="2025-09-15T00:29:02 IST" duration-ms="264" status="PASS">
          <params>
            <param index="0">
              <value>
                <![CDATA[CGI]]>
              </value>
            </param>
          </params>
          <reporter-output>
          </reporter-output>
        </test-method> <!-- enterCompany -->
        <test-method is-config="true" signature="setUpPage()[pri:0, instance:com.ecom.tests.RegisterPageTest_Functional@1d8bd0de]" started-at="2025-09-15T00:29:01 IST" name="setUpPage" finished-at="2025-09-15T00:29:01 IST" duration-ms="0" status="PASS">
          <reporter-output>
          </reporter-output>
        </test-method> <!-- setUpPage -->
        <test-method signature="enterAddress1(java.lang.String)[pri:20, instance:com.ecom.tests.RegisterPageTest_Functional@1d8bd0de]" started-at="2025-09-15T00:29:02 IST" name="enterAddress1" data-provider="accountData11" finished-at="2025-09-15T00:29:02 IST" duration-ms="325" status="PASS">
          <params>
            <param index="0">
              <value>
                <![CDATA[123 Main Street]]>
              </value>
            </param>
          </params>
          <reporter-output>
          </reporter-output>
        </test-method> <!-- enterAddress1 -->
        <test-method is-config="true" signature="setUpPage()[pri:0, instance:com.ecom.tests.RegisterPageTest_Functional@1d8bd0de]" started-at="2025-09-15T00:29:02 IST" name="setUpPage" finished-at="2025-09-15T00:29:02 IST" duration-ms="0" status="PASS">
          <reporter-output>
          </reporter-output>
        </test-method> <!-- setUpPage -->
        <test-method signature="enterAddress2(java.lang.String)[pri:21, instance:com.ecom.tests.RegisterPageTest_Functional@1d8bd0de]" started-at="2025-09-15T00:29:02 IST" name="enterAddress2" data-provider="accountData12" finished-at="2025-09-15T00:29:02 IST" duration-ms="278" status="PASS">
          <params>
            <param index="0">
              <value>
                <![CDATA[Block C]]>
              </value>
            </param>
          </params>
          <reporter-output>
          </reporter-output>
        </test-method> <!-- enterAddress2 -->
        <test-method is-config="true" signature="setUpPage()[pri:0, instance:com.ecom.tests.RegisterPageTest_Functional@1d8bd0de]" started-at="2025-09-15T00:29:02 IST" name="setUpPage" finished-at="2025-09-15T00:29:02 IST" duration-ms="0" status="PASS">
          <reporter-output>
          </reporter-output>
        </test-method> <!-- setUpPage -->
        <test-method signature="selectCountry(java.lang.String)[pri:22, instance:com.ecom.tests.RegisterPageTest_Functional@1d8bd0de]" started-at="2025-09-15T00:29:03 IST" name="selectCountry" data-provider="accountData13" finished-at="2025-09-15T00:29:03 IST" duration-ms="296" status="PASS">
          <params>
            <param index="0">
              <value>
                <![CDATA[India]]>
              </value>
            </param>
          </params>
          <reporter-output>
          </reporter-output>
        </test-method> <!-- selectCountry -->
        <test-method is-config="true" signature="setUpPage()[pri:0, instance:com.ecom.tests.RegisterPageTest_Functional@1d8bd0de]" started-at="2025-09-15T00:29:03 IST" name="setUpPage" finished-at="2025-09-15T00:29:03 IST" duration-ms="0" status="PASS">
          <reporter-output>
          </reporter-output>
        </test-method> <!-- setUpPage -->
        <test-method signature="enterState(java.lang.String)[pri:23, instance:com.ecom.tests.RegisterPageTest_Functional@1d8bd0de]" started-at="2025-09-15T00:29:03 IST" name="enterState" data-provider="accountData14" finished-at="2025-09-15T00:29:03 IST" duration-ms="395" status="PASS">
          <params>
            <param index="0">
              <value>
                <![CDATA[Tamil Nadu]]>
              </value>
            </param>
          </params>
          <reporter-output>
          </reporter-output>
        </test-method> <!-- enterState -->
        <test-method is-config="true" signature="setUpPage()[pri:0, instance:com.ecom.tests.RegisterPageTest_Functional@1d8bd0de]" started-at="2025-09-15T00:29:03 IST" name="setUpPage" finished-at="2025-09-15T00:29:03 IST" duration-ms="0" status="PASS">
          <reporter-output>
          </reporter-output>
        </test-method> <!-- setUpPage -->
        <test-method signature="enterCity(java.lang.String)[pri:24, instance:com.ecom.tests.RegisterPageTest_Functional@1d8bd0de]" started-at="2025-09-15T00:29:03 IST" name="enterCity" data-provider="accountData15" finished-at="2025-09-15T00:29:04 IST" duration-ms="378" status="PASS">
          <params>
            <param index="0">
              <value>
                <![CDATA[Chennai]]>
              </value>
            </param>
          </params>
          <reporter-output>
          </reporter-output>
        </test-method> <!-- enterCity -->
        <test-method is-config="true" signature="setUpPage()[pri:0, instance:com.ecom.tests.RegisterPageTest_Functional@1d8bd0de]" started-at="2025-09-15T00:29:03 IST" name="setUpPage" finished-at="2025-09-15T00:29:03 IST" duration-ms="0" status="PASS">
          <reporter-output>
          </reporter-output>
        </test-method> <!-- setUpPage -->
        <test-method is-config="true" signature="setUpPage()[pri:0, instance:com.ecom.tests.RegisterPageTest_Functional@1d8bd0de]" started-at="2025-09-15T00:29:04 IST" name="setUpPage" finished-at="2025-09-15T00:29:04 IST" duration-ms="1" status="PASS">
          <reporter-output>
          </reporter-output>
        </test-method> <!-- setUpPage -->
        <test-method signature="enterZipcode(java.lang.String)[pri:25, instance:com.ecom.tests.RegisterPageTest_Functional@1d8bd0de]" started-at="2025-09-15T00:29:04 IST" name="enterZipcode" data-provider="accountData16" finished-at="2025-09-15T00:29:04 IST" duration-ms="243" status="PASS">
          <params>
            <param index="0">
              <value>
                <![CDATA[560001]]>
              </value>
            </param>
          </params>
          <reporter-output>
          </reporter-output>
        </test-method> <!-- enterZipcode -->
        <test-method is-config="true" signature="setUpPage()[pri:0, instance:com.ecom.tests.RegisterPageTest_Functional@1d8bd0de]" started-at="2025-09-15T00:29:04 IST" name="setUpPage" finished-at="2025-09-15T00:29:04 IST" duration-ms="1" status="PASS">
          <reporter-output>
          </reporter-output>
        </test-method> <!-- setUpPage -->
        <test-method signature="enterMobile(java.lang.String)[pri:26, instance:com.ecom.tests.RegisterPageTest_Functional@1d8bd0de]" started-at="2025-09-15T00:29:04 IST" name="enterMobile" data-provider="accountData17" finished-at="2025-09-15T00:29:04 IST" duration-ms="253" status="PASS">
          <params>
            <param index="0">
              <value>
                <![CDATA[1234567891]]>
              </value>
            </param>
          </params>
          <reporter-output>
          </reporter-output>
        </test-method> <!-- enterMobile -->
        <test-method is-config="true" signature="setUpPage()[pri:0, instance:com.ecom.tests.RegisterPageTest_Functional@1d8bd0de]" started-at="2025-09-15T00:29:04 IST" name="setUpPage" finished-at="2025-09-15T00:29:04 IST" duration-ms="1" status="PASS">
          <reporter-output>
          </reporter-output>
        </test-method> <!-- setUpPage -->
        <test-method signature="clickCreateAccountButton()[pri:27, instance:com.ecom.tests.RegisterPageTest_Functional@1d8bd0de]" started-at="2025-09-15T00:29:04 IST" name="clickCreateAccountButton" finished-at="2025-09-15T00:29:07 IST" duration-ms="2312" status="PASS">
          <reporter-output>
          </reporter-output>
        </test-method> <!-- clickCreateAccountButton -->
        <test-method is-config="true" signature="setUpPage()[pri:0, instance:com.ecom.tests.RegisterPageTest_Functional@1d8bd0de]" started-at="2025-09-15T00:29:07 IST" name="setUpPage" finished-at="2025-09-15T00:29:07 IST" duration-ms="0" status="PASS">
          <reporter-output>
          </reporter-output>
        </test-method> <!-- setUpPage -->
        <test-method signature="verifyAccountCreatedMessage()[pri:28, instance:com.ecom.tests.RegisterPageTest_Functional@1d8bd0de]" started-at="2025-09-15T00:29:07 IST" name="verifyAccountCreatedMessage" finished-at="2025-09-15T00:29:07 IST" duration-ms="203" status="PASS">
          <reporter-output>
          </reporter-output>
        </test-method> <!-- verifyAccountCreatedMessage -->
        <test-method is-config="true" signature="setUpPage()[pri:0, instance:com.ecom.tests.RegisterPageTest_Functional@1d8bd0de]" started-at="2025-09-15T00:29:07 IST" name="setUpPage" finished-at="2025-09-15T00:29:07 IST" duration-ms="1" status="PASS">
          <reporter-output>
          </reporter-output>
        </test-method> <!-- setUpPage -->
        <test-method signature="verifyLoggedInAsUsername()[pri:29, instance:com.ecom.tests.RegisterPageTest_Functional@1d8bd0de]" started-at="2025-09-15T00:29:07 IST" name="verifyLoggedInAsUsername" finished-at="2025-09-15T00:29:11 IST" duration-ms="3934" status="PASS">
          <reporter-output>
          </reporter-output>
        </test-method> <!-- verifyLoggedInAsUsername -->
        <test-method signature="clickDeleteAccount()[pri:30, instance:com.ecom.tests.RegisterPageTest_Functional@1d8bd0de]" started-at="2025-09-15T00:29:11 IST" name="clickDeleteAccount" finished-at="2025-09-15T00:29:13 IST" duration-ms="1615" status="PASS">
          <reporter-output>
          </reporter-output>
        </test-method> <!-- clickDeleteAccount -->
        <test-method is-config="true" signature="setUpPage()[pri:0, instance:com.ecom.tests.RegisterPageTest_Functional@1d8bd0de]" started-at="2025-09-15T00:29:11 IST" name="setUpPage" finished-at="2025-09-15T00:29:11 IST" duration-ms="0" status="PASS">
          <reporter-output>
          </reporter-output>
        </test-method> <!-- setUpPage -->
        <test-method is-config="true" signature="setUpPage()[pri:0, instance:com.ecom.tests.RegisterPageTest_Functional@1d8bd0de]" started-at="2025-09-15T00:29:13 IST" name="setUpPage" finished-at="2025-09-15T00:29:13 IST" duration-ms="1" status="PASS">
          <reporter-output>
          </reporter-output>
        </test-method> <!-- setUpPage -->
        <test-method signature="verifyAccountDeletedMessage()[pri:31, instance:com.ecom.tests.RegisterPageTest_Functional@1d8bd0de]" started-at="2025-09-15T00:29:13 IST" name="verifyAccountDeletedMessage" finished-at="2025-09-15T00:29:13 IST" duration-ms="202" status="PASS">
          <reporter-output>
          </reporter-output>
        </test-method> <!-- verifyAccountDeletedMessage -->
        <test-method is-config="true" signature="setUpPage()[pri:0, instance:com.ecom.tests.RegisterPageTest_Functional@1d8bd0de]" started-at="2025-09-15T00:29:13 IST" name="setUpPage" finished-at="2025-09-15T00:29:13 IST" duration-ms="1" status="PASS">
          <reporter-output>
          </reporter-output>
        </test-method> <!-- setUpPage -->
        <test-method signature="clickContinueAfterAccountDeleted()[pri:32, instance:com.ecom.tests.RegisterPageTest_Functional@1d8bd0de]" started-at="2025-09-15T00:29:13 IST" name="clickContinueAfterAccountDeleted" finished-at="2025-09-15T00:29:15 IST" duration-ms="2506" status="PASS">
          <reporter-output>
          </reporter-output>
        </test-method> <!-- clickContinueAfterAccountDeleted -->
        <test-method is-config="true" signature="teardownClass()[pri:0, instance:com.ecom.tests.RegisterPageTest_Functional@1d8bd0de]" started-at="2025-09-15T00:29:15 IST" name="teardownClass" finished-at="2025-09-15T00:29:17 IST" duration-ms="1973" status="PASS">
          <reporter-output>
          </reporter-output>
        </test-method> <!-- teardownClass -->
      </class> <!-- com.ecom.tests.RegisterPageTest_Functional -->
      <class name="com.ecom.tests.UI_HomePageTest">
        <test-method is-config="true" signature="setupClass()[pri:0, instance:com.ecom.tests.UI_HomePageTest@36b4fe2a]" started-at="2025-09-15T00:30:34 IST" name="setupClass" finished-at="2025-09-15T00:30:41 IST" duration-ms="7077" status="PASS">
          <reporter-output>
          </reporter-output>
        </test-method> <!-- setupClass -->
        <test-method signature="verifyAutomationEngineerLogoIsVisible()[pri:1, instance:com.ecom.tests.UI_HomePageTest@36b4fe2a]" started-at="2025-09-15T00:30:41 IST" name="verifyAutomationEngineerLogoIsVisible" finished-at="2025-09-15T00:30:46 IST" duration-ms="4726" status="PASS">
          <reporter-output>
          </reporter-output>
        </test-method> <!-- verifyAutomationEngineerLogoIsVisible -->
        <test-method signature="verifyProductsButtonIsVisibleAndNavigates()[pri:2, instance:com.ecom.tests.UI_HomePageTest@36b4fe2a]" started-at="2025-09-15T00:30:46 IST" name="verifyProductsButtonIsVisibleAndNavigates" finished-at="2025-09-15T00:30:57 IST" duration-ms="11424" status="PASS">
          <reporter-output>
          </reporter-output>
        </test-method> <!-- verifyProductsButtonIsVisibleAndNavigates -->
        <test-method signature="verifyCartButtonIsVisibleAndNavigates()[pri:3, instance:com.ecom.tests.UI_HomePageTest@36b4fe2a]" started-at="2025-09-15T00:30:57 IST" name="verifyCartButtonIsVisibleAndNavigates" finished-at="2025-09-15T00:31:03 IST" duration-ms="5308" status="PASS">
          <reporter-output>
          </reporter-output>
        </test-method> <!-- verifyCartButtonIsVisibleAndNavigates -->
        <test-method signature="verifySignupLoginButtonIsVisibleAndNavigates()[pri:4, instance:com.ecom.tests.UI_HomePageTest@36b4fe2a]" started-at="2025-09-15T00:31:03 IST" name="verifySignupLoginButtonIsVisibleAndNavigates" finished-at="2025-09-15T00:31:07 IST" duration-ms="4645" status="PASS">
          <reporter-output>
          </reporter-output>
        </test-method> <!-- verifySignupLoginButtonIsVisibleAndNavigates -->
        <test-method signature="verifyContactUsButtonIsVisibleAndNavigates()[pri:5, instance:com.ecom.tests.UI_HomePageTest@36b4fe2a]" started-at="2025-09-15T00:31:07 IST" name="verifyContactUsButtonIsVisibleAndNavigates" finished-at="2025-09-15T00:31:12 IST" duration-ms="4524" status="PASS">
          <reporter-output>
          </reporter-output>
        </test-method> <!-- verifyContactUsButtonIsVisibleAndNavigates -->
        <test-method signature="verifyTestCasesButtonIsVisibleAndNavigates()[pri:6, instance:com.ecom.tests.UI_HomePageTest@36b4fe2a]" started-at="2025-09-15T00:31:12 IST" name="verifyTestCasesButtonIsVisibleAndNavigates" finished-at="2025-09-15T00:31:15 IST" duration-ms="3560" status="PASS">
          <reporter-output>
          </reporter-output>
        </test-method> <!-- verifyTestCasesButtonIsVisibleAndNavigates -->
        <test-method signature="verifyApiTestingButtonIsVisibleAndNavigates()[pri:7, instance:com.ecom.tests.UI_HomePageTest@36b4fe2a]" started-at="2025-09-15T00:31:15 IST" name="verifyApiTestingButtonIsVisibleAndNavigates" finished-at="2025-09-15T00:31:19 IST" duration-ms="4019" status="PASS">
          <reporter-output>
          </reporter-output>
        </test-method> <!-- verifyApiTestingButtonIsVisibleAndNavigates -->
        <test-method signature="verifyVideoTutorialsButtonIsVisibleAndNavigatesAndReturns()[pri:8, instance:com.ecom.tests.UI_HomePageTest@36b4fe2a]" started-at="2025-09-15T00:31:19 IST" name="verifyVideoTutorialsButtonIsVisibleAndNavigatesAndReturns" finished-at="2025-09-15T00:31:29 IST" duration-ms="9719" status="PASS">
          <reporter-output>
          </reporter-output>
        </test-method> <!-- verifyVideoTutorialsButtonIsVisibleAndNavigatesAndReturns -->
        <test-method signature="verifyScrollBarFunctionalityOnHomePage()[pri:9, instance:com.ecom.tests.UI_HomePageTest@36b4fe2a]" started-at="2025-09-15T00:31:29 IST" name="verifyScrollBarFunctionalityOnHomePage" finished-at="2025-09-15T00:31:32 IST" duration-ms="3300" status="PASS">
          <reporter-output>
          </reporter-output>
        </test-method> <!-- verifyScrollBarFunctionalityOnHomePage -->
        <test-method signature="verifyScrollToTopArrowFunctionality()[pri:10, instance:com.ecom.tests.UI_HomePageTest@36b4fe2a]" started-at="2025-09-15T00:31:32 IST" name="verifyScrollToTopArrowFunctionality" finished-at="2025-09-15T00:31:39 IST" duration-ms="6599" status="PASS">
          <reporter-output>
          </reporter-output>
        </test-method> <!-- verifyScrollToTopArrowFunctionality -->
        <test-method signature="verifySubscriptionIconIsVisibleOnHomePage()[pri:11, instance:com.ecom.tests.UI_HomePageTest@36b4fe2a]" started-at="2025-09-15T00:31:39 IST" name="verifySubscriptionIconIsVisibleOnHomePage" finished-at="2025-09-15T00:31:43 IST" duration-ms="4551" status="PASS">
          <reporter-output>
          </reporter-output>
        </test-method> <!-- verifySubscriptionIconIsVisibleOnHomePage -->
        <test-method signature="verifySubscriptionScenarios(java.lang.String,java.lang.String)[pri:12, instance:com.ecom.tests.UI_HomePageTest@36b4fe2a]" started-at="2025-09-15T00:31:43 IST" name="verifySubscriptionScenarios" data-provider="subscriptionData" finished-at="2025-09-15T00:31:47 IST" duration-ms="3342" status="PASS">
          <params>
            <param index="0">
              <value>
                <![CDATA[keerthi@gmail.com]]>
              </value>
            </param>
            <param index="1">
              <value>
                <![CDATA[valid]]>
              </value>
            </param>
          </params>
          <reporter-output>
          </reporter-output>
        </test-method> <!-- verifySubscriptionScenarios -->
        <test-method signature="verifySubscriptionScenarios(java.lang.String,java.lang.String)[pri:12, instance:com.ecom.tests.UI_HomePageTest@36b4fe2a]" started-at="2025-09-15T00:31:47 IST" name="verifySubscriptionScenarios" data-provider="subscriptionData" finished-at="2025-09-15T00:31:50 IST" duration-ms="3134" status="PASS">
          <params>
            <param index="0">
              <value>
                <![CDATA[keerthigmail.com]]>
              </value>
            </param>
            <param index="1">
              <value>
                <![CDATA[invalid]]>
              </value>
            </param>
          </params>
          <reporter-output>
          </reporter-output>
        </test-method> <!-- verifySubscriptionScenarios -->
        <test-method signature="verifySubscriptionScenarios(java.lang.String,java.lang.String)[pri:12, instance:com.ecom.tests.UI_HomePageTest@36b4fe2a]" started-at="2025-09-15T00:31:50 IST" name="verifySubscriptionScenarios" data-provider="subscriptionData" finished-at="2025-09-15T00:31:53 IST" duration-ms="2731" status="PASS">
          <params>
            <param index="0">
              <value>
                <![CDATA[]]>
              </value>
            </param>
            <param index="1">
              <value>
                <![CDATA[blank]]>
              </value>
            </param>
          </params>
          <reporter-output>
          </reporter-output>
        </test-method> <!-- verifySubscriptionScenarios -->
        <test-method signature="verifySubscriptionScenarios(java.lang.String,java.lang.String)[pri:12, instance:com.ecom.tests.UI_HomePageTest@36b4fe2a]" started-at="2025-09-15T00:31:53 IST" name="verifySubscriptionScenarios" data-provider="subscriptionData" finished-at="2025-09-15T00:31:55 IST" duration-ms="2439" status="PASS">
          <params>
            <param index="0">
              <value>
                <![CDATA[keerthi@gmail.com]]>
              </value>
            </param>
            <param index="1">
              <value>
                <![CDATA[duplicate]]>
              </value>
            </param>
          </params>
          <reporter-output>
          </reporter-output>
        </test-method> <!-- verifySubscriptionScenarios -->
        <test-method signature="verifyViewProductButtonIsVisible()[pri:13, instance:com.ecom.tests.UI_HomePageTest@36b4fe2a]" started-at="2025-09-15T00:31:55 IST" name="verifyViewProductButtonIsVisible" finished-at="2025-09-15T00:31:57 IST" duration-ms="2064" status="PASS">
          <reporter-output>
          </reporter-output>
        </test-method> <!-- verifyViewProductButtonIsVisible -->
        <test-method signature="verifyBrandsSectionIsVisible()[pri:14, instance:com.ecom.tests.UI_HomePageTest@36b4fe2a]" started-at="2025-09-15T00:31:57 IST" name="verifyBrandsSectionIsVisible" finished-at="2025-09-15T00:31:59 IST" duration-ms="2048" status="PASS">
          <reporter-output>
          </reporter-output>
        </test-method> <!-- verifyBrandsSectionIsVisible -->
        <test-method signature="verifyCategorySectionIsVisible()[pri:15, instance:com.ecom.tests.UI_HomePageTest@36b4fe2a]" started-at="2025-09-15T00:31:59 IST" name="verifyCategorySectionIsVisible" finished-at="2025-09-15T00:32:01 IST" duration-ms="1867" status="PASS">
          <reporter-output>
          </reporter-output>
        </test-method> <!-- verifyCategorySectionIsVisible -->
        <test-method signature="verifyFeaturedItemsSectionIsVisible()[pri:16, instance:com.ecom.tests.UI_HomePageTest@36b4fe2a]" started-at="2025-09-15T00:32:01 IST" name="verifyFeaturedItemsSectionIsVisible" finished-at="2025-09-15T00:32:03 IST" duration-ms="1994" status="PASS">
          <reporter-output>
          </reporter-output>
        </test-method> <!-- verifyFeaturedItemsSectionIsVisible -->
        <test-method signature="verifyRecommendedItemsSectionIsVisible()[pri:17, instance:com.ecom.tests.UI_HomePageTest@36b4fe2a]" started-at="2025-09-15T00:32:03 IST" name="verifyRecommendedItemsSectionIsVisible" finished-at="2025-09-15T00:32:05 IST" duration-ms="2003" status="PASS">
          <reporter-output>
          </reporter-output>
        </test-method> <!-- verifyRecommendedItemsSectionIsVisible -->
        <test-method signature="verifyCarouselIndicatorDotIsVisibleAndWorking()[pri:18, instance:com.ecom.tests.UI_HomePageTest@36b4fe2a]" started-at="2025-09-15T00:32:05 IST" name="verifyCarouselIndicatorDotIsVisibleAndWorking" finished-at="2025-09-15T00:32:07 IST" duration-ms="1911" status="PASS">
          <reporter-output>
          </reporter-output>
        </test-method> <!-- verifyCarouselIndicatorDotIsVisibleAndWorking -->
        <test-method is-config="true" signature="teardownClass()[pri:0, instance:com.ecom.tests.UI_HomePageTest@36b4fe2a]" started-at="2025-09-15T00:32:07 IST" name="teardownClass" finished-at="2025-09-15T00:32:07 IST" duration-ms="470" status="PASS">
          <reporter-output>
          </reporter-output>
        </test-method> <!-- teardownClass -->
      </class> <!-- com.ecom.tests.UI_HomePageTest -->
      <class name="com.ecom.tests.CartPageTest_UI">
        <test-method is-config="true" signature="setupClass()[pri:0, instance:com.ecom.tests.CartPageTest_UI@2a266d09]" started-at="2025-09-15T00:27:11 IST" name="setupClass" finished-at="2025-09-15T00:27:18 IST" duration-ms="6550" status="PASS">
          <reporter-output>
          </reporter-output>
        </test-method> <!-- setupClass -->
        <test-method is-config="true" signature="setUpPage()[pri:0, instance:com.ecom.tests.CartPageTest_UI@2a266d09]" started-at="2025-09-15T00:27:18 IST" name="setUpPage" finished-at="2025-09-15T00:27:18 IST" duration-ms="2" status="PASS">
          <reporter-output>
          </reporter-output>
        </test-method> <!-- setUpPage -->
        <test-method signature="verifyLogoDisplayed()[pri:1, instance:com.ecom.tests.CartPageTest_UI@2a266d09]" started-at="2025-09-15T00:27:18 IST" name="verifyLogoDisplayed" finished-at="2025-09-15T00:27:19 IST" duration-ms="1099" status="PASS">
          <reporter-output>
          </reporter-output>
        </test-method> <!-- verifyLogoDisplayed -->
        <test-method is-config="true" signature="setUpPage()[pri:0, instance:com.ecom.tests.CartPageTest_UI@2a266d09]" started-at="2025-09-15T00:27:19 IST" name="setUpPage" finished-at="2025-09-15T00:27:19 IST" duration-ms="1" status="PASS">
          <reporter-output>
          </reporter-output>
        </test-method> <!-- setUpPage -->
        <test-method signature="verifyProductsIconDisplayed()[pri:2, instance:com.ecom.tests.CartPageTest_UI@2a266d09]" started-at="2025-09-15T00:27:19 IST" name="verifyProductsIconDisplayed" finished-at="2025-09-15T00:27:19 IST" duration-ms="197" status="PASS">
          <reporter-output>
          </reporter-output>
        </test-method> <!-- verifyProductsIconDisplayed -->
        <test-method is-config="true" signature="setUpPage()[pri:0, instance:com.ecom.tests.CartPageTest_UI@2a266d09]" started-at="2025-09-15T00:27:19 IST" name="setUpPage" finished-at="2025-09-15T00:27:19 IST" duration-ms="0" status="PASS">
          <reporter-output>
          </reporter-output>
        </test-method> <!-- setUpPage -->
        <test-method signature="verifyTestCasesDisplayed()[pri:3, instance:com.ecom.tests.CartPageTest_UI@2a266d09]" started-at="2025-09-15T00:27:19 IST" name="verifyTestCasesDisplayed" finished-at="2025-09-15T00:27:19 IST" duration-ms="177" status="PASS">
          <reporter-output>
          </reporter-output>
        </test-method> <!-- verifyTestCasesDisplayed -->
        <test-method is-config="true" signature="setUpPage()[pri:0, instance:com.ecom.tests.CartPageTest_UI@2a266d09]" started-at="2025-09-15T00:27:19 IST" name="setUpPage" finished-at="2025-09-15T00:27:19 IST" duration-ms="1" status="PASS">
          <reporter-output>
          </reporter-output>
        </test-method> <!-- setUpPage -->
        <test-method signature="verifySignupLoginIconDisplayed()[pri:4, instance:com.ecom.tests.CartPageTest_UI@2a266d09]" started-at="2025-09-15T00:27:19 IST" name="verifySignupLoginIconDisplayed" finished-at="2025-09-15T00:27:20 IST" duration-ms="161" status="PASS">
          <reporter-output>
          </reporter-output>
        </test-method> <!-- verifySignupLoginIconDisplayed -->
        <test-method signature="verifyVideoTutorialsIconDisplayed()[pri:5, instance:com.ecom.tests.CartPageTest_UI@2a266d09]" started-at="2025-09-15T00:27:20 IST" name="verifyVideoTutorialsIconDisplayed" finished-at="2025-09-15T00:27:20 IST" duration-ms="135" status="PASS">
          <reporter-output>
          </reporter-output>
        </test-method> <!-- verifyVideoTutorialsIconDisplayed -->
        <test-method is-config="true" signature="setUpPage()[pri:0, instance:com.ecom.tests.CartPageTest_UI@2a266d09]" started-at="2025-09-15T00:27:20 IST" name="setUpPage" finished-at="2025-09-15T00:27:20 IST" duration-ms="0" status="PASS">
          <reporter-output>
          </reporter-output>
        </test-method> <!-- setUpPage -->
        <test-method signature="verifyHomeIconDisplayed()[pri:6, instance:com.ecom.tests.CartPageTest_UI@2a266d09]" started-at="2025-09-15T00:27:20 IST" name="verifyHomeIconDisplayed" finished-at="2025-09-15T00:27:20 IST" duration-ms="120" status="PASS">
          <reporter-output>
          </reporter-output>
        </test-method> <!-- verifyHomeIconDisplayed -->
        <test-method is-config="true" signature="setUpPage()[pri:0, instance:com.ecom.tests.CartPageTest_UI@2a266d09]" started-at="2025-09-15T00:27:20 IST" name="setUpPage" finished-at="2025-09-15T00:27:20 IST" duration-ms="0" status="PASS">
          <reporter-output>
          </reporter-output>
        </test-method> <!-- setUpPage -->
        <test-method is-config="true" signature="setUpPage()[pri:0, instance:com.ecom.tests.CartPageTest_UI@2a266d09]" started-at="2025-09-15T00:27:20 IST" name="setUpPage" finished-at="2025-09-15T00:27:20 IST" duration-ms="1" status="PASS">
          <reporter-output>
          </reporter-output>
        </test-method> <!-- setUpPage -->
        <test-method signature="verifyContactUsIconDisplayed()[pri:7, instance:com.ecom.tests.CartPageTest_UI@2a266d09]" started-at="2025-09-15T00:27:20 IST" name="verifyContactUsIconDisplayed" finished-at="2025-09-15T00:27:20 IST" duration-ms="112" status="PASS">
          <reporter-output>
          </reporter-output>
        </test-method> <!-- verifyContactUsIconDisplayed -->
        <test-method signature="verifyApiTestingIconDisplayed()[pri:8, instance:com.ecom.tests.CartPageTest_UI@2a266d09]" started-at="2025-09-15T00:27:20 IST" name="verifyApiTestingIconDisplayed" finished-at="2025-09-15T00:27:20 IST" duration-ms="116" status="PASS">
          <reporter-output>
          </reporter-output>
        </test-method> <!-- verifyApiTestingIconDisplayed -->
        <test-method is-config="true" signature="setUpPage()[pri:0, instance:com.ecom.tests.CartPageTest_UI@2a266d09]" started-at="2025-09-15T00:27:20 IST" name="setUpPage" finished-at="2025-09-15T00:27:20 IST" duration-ms="0" status="PASS">
          <reporter-output>
          </reporter-output>
        </test-method> <!-- setUpPage -->
        <test-method signature="verifyShoppingCartBreadcrumb()[pri:9, instance:com.ecom.tests.CartPageTest_UI@2a266d09]" started-at="2025-09-15T00:27:20 IST" name="verifyShoppingCartBreadcrumb" finished-at="2025-09-15T00:27:20 IST" duration-ms="126" status="PASS">
          <reporter-output>
          </reporter-output>
        </test-method> <!-- verifyShoppingCartBreadcrumb -->
        <test-method is-config="true" signature="setUpPage()[pri:0, instance:com.ecom.tests.CartPageTest_UI@2a266d09]" started-at="2025-09-15T00:27:20 IST" name="setUpPage" finished-at="2025-09-15T00:27:20 IST" duration-ms="0" status="PASS">
          <reporter-output>
          </reporter-output>
        </test-method> <!-- setUpPage -->
        <test-method signature="verifyEmptyCartHereLink()[pri:10, instance:com.ecom.tests.CartPageTest_UI@2a266d09]" started-at="2025-09-15T00:27:20 IST" name="verifyEmptyCartHereLink" finished-at="2025-09-15T00:27:20 IST" duration-ms="156" status="PASS">
          <reporter-output>
          </reporter-output>
        </test-method> <!-- verifyEmptyCartHereLink -->
        <test-method is-config="true" signature="setUpPage()[pri:0, instance:com.ecom.tests.CartPageTest_UI@2a266d09]" started-at="2025-09-15T00:27:20 IST" name="setUpPage" finished-at="2025-09-15T00:27:20 IST" duration-ms="0" status="PASS">
          <reporter-output>
          </reporter-output>
        </test-method> <!-- setUpPage -->
        <test-method signature="verifyDeleteProductFromCart()[pri:11, instance:com.ecom.tests.CartPageTest_UI@2a266d09]" started-at="2025-09-15T00:27:20 IST" name="verifyDeleteProductFromCart" finished-at="2025-09-15T00:27:29 IST" duration-ms="8238" status="PASS">
          <reporter-output>
          </reporter-output>
        </test-method> <!-- verifyDeleteProductFromCart -->
        <test-method is-config="true" signature="setUpPage()[pri:0, instance:com.ecom.tests.CartPageTest_UI@2a266d09]" started-at="2025-09-15T00:27:20 IST" name="setUpPage" finished-at="2025-09-15T00:27:20 IST" duration-ms="0" status="PASS">
          <reporter-output>
          </reporter-output>
        </test-method> <!-- setUpPage -->
        <test-method is-config="true" signature="setUpPage()[pri:0, instance:com.ecom.tests.CartPageTest_UI@2a266d09]" started-at="2025-09-15T00:27:29 IST" name="setUpPage" finished-at="2025-09-15T00:27:29 IST" duration-ms="1" status="PASS">
          <reporter-output>
          </reporter-output>
        </test-method> <!-- setUpPage -->
        <test-method signature="verifyProceedtoCheckout()[pri:12, instance:com.ecom.tests.CartPageTest_UI@2a266d09]" started-at="2025-09-15T00:27:29 IST" name="verifyProceedtoCheckout" finished-at="2025-09-15T00:27:29 IST" duration-ms="168" status="PASS">
          <reporter-output>
          </reporter-output>
        </test-method> <!-- verifyProceedtoCheckout -->
        <test-method signature="verifyProductDiaplaytoBuy()[pri:13, instance:com.ecom.tests.CartPageTest_UI@2a266d09]" started-at="2025-09-15T00:27:29 IST" name="verifyProductDiaplaytoBuy" finished-at="2025-09-15T00:27:29 IST" duration-ms="265" status="PASS">
          <reporter-output>
          </reporter-output>
        </test-method> <!-- verifyProductDiaplaytoBuy -->
        <test-method is-config="true" signature="setUpPage()[pri:0, instance:com.ecom.tests.CartPageTest_UI@2a266d09]" started-at="2025-09-15T00:27:29 IST" name="setUpPage" finished-at="2025-09-15T00:27:29 IST" duration-ms="0" status="PASS">
          <reporter-output>
          </reporter-output>
        </test-method> <!-- setUpPage -->
        <test-method signature="verifySubscriptionIconVisible()[pri:14, instance:com.ecom.tests.CartPageTest_UI@2a266d09]" started-at="2025-09-15T00:27:29 IST" name="verifySubscriptionIconVisible" finished-at="2025-09-15T00:27:29 IST" duration-ms="177" status="PASS">
          <reporter-output>
          </reporter-output>
        </test-method> <!-- verifySubscriptionIconVisible -->
        <test-method is-config="true" signature="setUpPage()[pri:0, instance:com.ecom.tests.CartPageTest_UI@2a266d09]" started-at="2025-09-15T00:27:29 IST" name="setUpPage" finished-at="2025-09-15T00:27:29 IST" duration-ms="0" status="PASS">
          <reporter-output>
          </reporter-output>
        </test-method> <!-- setUpPage -->
        <test-method signature="verifySubscriptionEmpty()[pri:15, instance:com.ecom.tests.CartPageTest_UI@2a266d09]" started-at="2025-09-15T00:27:29 IST" name="verifySubscriptionEmpty" finished-at="2025-09-15T00:27:30 IST" duration-ms="492" status="PASS">
          <reporter-output>
          </reporter-output>
        </test-method> <!-- verifySubscriptionEmpty -->
        <test-method is-config="true" signature="setUpPage()[pri:0, instance:com.ecom.tests.CartPageTest_UI@2a266d09]" started-at="2025-09-15T00:27:29 IST" name="setUpPage" finished-at="2025-09-15T00:27:29 IST" duration-ms="0" status="PASS">
          <reporter-output>
          </reporter-output>
        </test-method> <!-- setUpPage -->
        <test-method is-config="true" signature="setUpPage()[pri:0, instance:com.ecom.tests.CartPageTest_UI@2a266d09]" started-at="2025-09-15T00:27:30 IST" name="setUpPage" finished-at="2025-09-15T00:27:30 IST" duration-ms="1" status="PASS">
          <reporter-output>
          </reporter-output>
        </test-method> <!-- setUpPage -->
        <test-method signature="verifySubscriptionInvalid(java.lang.String)[pri:16, instance:com.ecom.tests.CartPageTest_UI@2a266d09]" started-at="2025-09-15T00:27:30 IST" name="verifySubscriptionInvalid" data-provider="subscriptionDataInvalid" finished-at="2025-09-15T00:27:33 IST" duration-ms="2768" status="PASS">
          <params>
            <param index="0">
              <value>
                <![CDATA[kaviyaGma.com]]>
              </value>
            </param>
          </params>
          <reporter-output>
          </reporter-output>
        </test-method> <!-- verifySubscriptionInvalid -->
        <test-method is-config="true" signature="setUpPage()[pri:0, instance:com.ecom.tests.CartPageTest_UI@2a266d09]" started-at="2025-09-15T00:27:33 IST" name="setUpPage" finished-at="2025-09-15T00:27:33 IST" duration-ms="1" status="PASS">
          <reporter-output>
          </reporter-output>
        </test-method> <!-- setUpPage -->
        <test-method signature="verifySubscriptionValid(java.lang.String)[pri:17, instance:com.ecom.tests.CartPageTest_UI@2a266d09]" started-at="2025-09-15T00:27:33 IST" name="verifySubscriptionValid" data-provider="subscriptionDataValid" finished-at="2025-09-15T00:27:33 IST" duration-ms="448" status="PASS">
          <params>
            <param index="0">
              <value>
                <![CDATA[kaviya@gmail.com]]>
              </value>
            </param>
          </params>
          <reporter-output>
          </reporter-output>
        </test-method> <!-- verifySubscriptionValid -->
        <test-method signature="verifySubscriptionUseralreadyExist(java.lang.String)[pri:18, instance:com.ecom.tests.CartPageTest_UI@2a266d09]" started-at="2025-09-15T00:27:33 IST" name="verifySubscriptionUseralreadyExist" data-provider="subscriptionDataValid" finished-at="2025-09-15T00:27:33 IST" duration-ms="395" status="FAIL">
          <params>
            <param index="0">
              <value>
                <![CDATA[kaviya@gmail.com]]>
              </value>
            </param>
          </params>
          <exception class="java.lang.AssertionError">
            <message>
              <![CDATA[Subscription success message should NOT be displayed! expected [false] but found [true]]]>
            </message>
            <full-stacktrace>
              <![CDATA[java.lang.AssertionError: Subscription success message should NOT be displayed! expected [false] but found [true]
at org.testng.Assert.fail(Assert.java:111)
at org.testng.Assert.failNotEquals(Assert.java:1578)
at org.testng.Assert.assertFalse(Assert.java:79)
at com.ecom.tests.CartPageTest_UI.verifySubscriptionUseralreadyExist(CartPageTest_UI.java:281)
at java.base/jdk.internal.reflect.NativeMethodAccessorImpl.invoke0(Native Method)
at java.base/jdk.internal.reflect.NativeMethodAccessorImpl.invoke(NativeMethodAccessorImpl.java:77)
at java.base/jdk.internal.reflect.DelegatingMethodAccessorImpl.invoke(DelegatingMethodAccessorImpl.java:43)
at java.base/java.lang.reflect.Method.invoke(Method.java:568)
at org.testng.internal.invokers.MethodInvocationHelper.invokeMethod(MethodInvocationHelper.java:141)
at org.testng.internal.invokers.TestInvoker.invokeMethod(TestInvoker.java:686)
at org.testng.internal.invokers.TestInvoker.invokeTestMethod(TestInvoker.java:230)
at org.testng.internal.invokers.MethodRunner.runInSequence(MethodRunner.java:63)
at org.testng.internal.invokers.TestInvoker$MethodInvocationAgent.invoke(TestInvoker.java:992)
at org.testng.internal.invokers.TestInvoker.invokeTestMethods(TestInvoker.java:203)
at org.testng.internal.invokers.TestMethodWorker.invokeTestMethods(TestMethodWorker.java:154)
at org.testng.internal.invokers.TestMethodWorker.run(TestMethodWorker.java:134)
at java.base/java.util.ArrayList.forEach(ArrayList.java:1511)
at org.testng.TestRunner.privateRun(TestRunner.java:739)
at org.testng.TestRunner.run(TestRunner.java:614)
at org.testng.SuiteRunner.runTest(SuiteRunner.java:421)
at org.testng.SuiteRunner.runSequentially(SuiteRunner.java:413)
at org.testng.SuiteRunner.privateRun(SuiteRunner.java:373)
at org.testng.SuiteRunner.run(SuiteRunner.java:312)
at org.testng.SuiteRunnerWorker.runSuite(SuiteRunnerWorker.java:52)
at org.testng.SuiteRunnerWorker.run(SuiteRunnerWorker.java:95)
at org.testng.TestNG.runSuitesSequentially(TestNG.java:1274)
at org.testng.TestNG.runSuitesLocally(TestNG.java:1208)
at org.testng.TestNG.runSuites(TestNG.java:1112)
at org.testng.TestNG.run(TestNG.java:1079)
at org.apache.maven.surefire.testng.TestNGExecutor.run(TestNGExecutor.java:308)
at org.apache.maven.surefire.testng.TestNGXmlTestSuite.execute(TestNGXmlTestSuite.java:71)
at org.apache.maven.surefire.testng.TestNGProvider.invoke(TestNGProvider.java:113)
at org.apache.maven.surefire.booter.ForkedBooter.runSuitesInProcess(ForkedBooter.java:385)
[...]
          <reporter-output>
          </reporter-output>
        </test-method> <!-- teardownClass -->
        <test-method is-config="true" signature="endReport()[pri:0, instance:com.ecom.tests.APITestingPageTest_UI@2f54a33d]" started-at="2025-09-15T00:38:16 IST" name="endReport" finished-at="2025-09-15T00:38:17 IST" duration-ms="646" status="PASS">
          <reporter-output>
          </reporter-output>
        </test-method> <!-- endReport -->
      </class> <!-- com.ecom.tests.APITestingPageTest_UI -->
      <class name="com.ecom.tests.SubscriptionHomePageTest_Functional">
        <test-method is-config="true" signature="setupClass()[pri:0, instance:com.ecom.tests.SubscriptionHomePageTest_Functional@45ca843]" started-at="2025-09-15T00:29:17 IST" name="setupClass" finished-at="2025-09-15T00:29:25 IST" duration-ms="7708" status="PASS">
          <reporter-output>
          </reporter-output>
        </test-method> <!-- setupClass -->
        <test-method is-config="true" signature="setUpPage()[pri:0, instance:com.ecom.tests.SubscriptionHomePageTest_Functional@45ca843]" started-at="2025-09-15T00:29:25 IST" name="setUpPage" finished-at="2025-09-15T00:29:25 IST" duration-ms="3" status="PASS">
          <reporter-output>
          </reporter-output>
        </test-method> <!-- setUpPage -->
        <test-method signature="verifySubscriptionIconVisible()[pri:1, instance:com.ecom.tests.SubscriptionHomePageTest_Functional@45ca843]" started-at="2025-09-15T00:29:25 IST" name="verifySubscriptionIconVisible" finished-at="2025-09-15T00:29:27 IST" duration-ms="2228" status="PASS">
          <reporter-output>
          </reporter-output>
        </test-method> <!-- verifySubscriptionIconVisible -->
        <test-method is-config="true" signature="setUpPage()[pri:0, instance:com.ecom.tests.SubscriptionHomePageTest_Functional@45ca843]" started-at="2025-09-15T00:29:27 IST" name="setUpPage" finished-at="2025-09-15T00:29:27 IST" duration-ms="1" status="PASS">
          <reporter-output>
          </reporter-output>
        </test-method> <!-- setUpPage -->
        <test-method signature="verifySubscriptionEmpty()[pri:2, instance:com.ecom.tests.SubscriptionHomePageTest_Functional@45ca843]" started-at="2025-09-15T00:29:27 IST" name="verifySubscriptionEmpty" finished-at="2025-09-15T00:29:28 IST" duration-ms="590" status="PASS">
          <reporter-output>
          </reporter-output>
        </test-method> <!-- verifySubscriptionEmpty -->
        <test-method is-config="true" signature="setUpPage()[pri:0, instance:com.ecom.tests.SubscriptionHomePageTest_Functional@45ca843]" started-at="2025-09-15T00:29:28 IST" name="setUpPage" finished-at="2025-09-15T00:29:28 IST" duration-ms="2" status="PASS">
          <reporter-output>
          </reporter-output>
        </test-method> <!-- setUpPage -->
        <test-method signature="verifySubscriptionInvalid(java.lang.String)[pri:3, instance:com.ecom.tests.SubscriptionHomePageTest_Functional@45ca843]" started-at="2025-09-15T00:29:28 IST" name="verifySubscriptionInvalid" data-provider="subscriptionDataInvalid" finished-at="2025-09-15T00:29:30 IST" duration-ms="2723" status="PASS">
          <params>
            <param index="0">
              <value>
                <![CDATA[kaviyaGma.com]]>
              </value>
            </param>
          </params>
          <reporter-output>
          </reporter-output>
        </test-method> <!-- verifySubscriptionInvalid -->
        <test-method is-config="true" signature="setUpPage()[pri:0, instance:com.ecom.tests.SubscriptionHomePageTest_Functional@45ca843]" started-at="2025-09-15T00:29:31 IST" name="setUpPage" finished-at="2025-09-15T00:29:31 IST" duration-ms="0" status="PASS">
          <reporter-output>
          </reporter-output>
        </test-method> <!-- setUpPage -->
        <test-method signature="verifySubscriptionValid(java.lang.String)[pri:4, instance:com.ecom.tests.SubscriptionHomePageTest_Functional@45ca843]" started-at="2025-09-15T00:29:31 IST" name="verifySubscriptionValid" data-provider="subscriptionDataValid" finished-at="2025-09-15T00:29:31 IST" duration-ms="389" status="PASS">
          <params>
            <param index="0">
              <value>
                <![CDATA[kaviya@gmail.com]]>
              </value>
            </param>
          </params>
          <reporter-output>
          </reporter-output>
        </test-method> <!-- verifySubscriptionValid -->
        <test-method is-config="true" signature="setUpPage()[pri:0, instance:com.ecom.tests.SubscriptionHomePageTest_Functional@45ca843]" started-at="2025-09-15T00:29:31 IST" name="setUpPage" finished-at="2025-09-15T00:29:31 IST" duration-ms="1" status="PASS">
          <reporter-output>
          </reporter-output>
        </test-method> <!-- setUpPage -->
        <test-method signature="verifySubscriptionUseralreadyExist(java.lang.String)[pri:5, instance:com.ecom.tests.SubscriptionHomePageTest_Functional@45ca843]" started-at="2025-09-15T00:29:31 IST" name="verifySubscriptionUseralreadyExist" data-provider="subscriptionDataValid" finished-at="2025-09-15T00:29:31 IST" duration-ms="372" status="FAIL">
          <params>
            <param index="0">
              <value>
                <![CDATA[kaviya@gmail.com]]>
              </value>
            </param>
          </params>
          <exception class="java.lang.AssertionError">
            <message>
              <![CDATA[Subscription success message should NOT be displayed! expected [false] but found [true]]]>
            </message>
            <full-stacktrace>
              <![CDATA[java.lang.AssertionError: Subscription success message should NOT be displayed! expected [false] but found [true]
at org.testng.Assert.fail(Assert.java:111)
at org.testng.Assert.failNotEquals(Assert.java:1578)
at org.testng.Assert.assertFalse(Assert.java:79)
at com.ecom.tests.SubscriptionHomePageTest_Functional.verifySubscriptionUseralreadyExist(SubscriptionHomePageTest_Functional.java:127)
at java.base/jdk.internal.reflect.NativeMethodAccessorImpl.invoke0(Native Method)
at java.base/jdk.internal.reflect.NativeMethodAccessorImpl.invoke(NativeMethodAccessorImpl.java:77)
at java.base/jdk.internal.reflect.DelegatingMethodAccessorImpl.invoke(DelegatingMethodAccessorImpl.java:43)
at java.base/java.lang.reflect.Method.invoke(Method.java:568)
at org.testng.internal.invokers.MethodInvocationHelper.invokeMethod(MethodInvocationHelper.java:141)
at org.testng.internal.invokers.TestInvoker.invokeMethod(TestInvoker.java:686)
at org.testng.internal.invokers.TestInvoker.invokeTestMethod(TestInvoker.java:230)
at org.testng.internal.invokers.MethodRunner.runInSequence(MethodRunner.java:63)
at org.testng.internal.invokers.TestInvoker$MethodInvocationAgent.invoke(TestInvoker.java:992)
at org.testng.internal.invokers.TestInvoker.invokeTestMethods(TestInvoker.java:203)
at org.testng.internal.invokers.TestMethodWorker.invokeTestMethods(TestMethodWorker.java:154)
at org.testng.internal.invokers.TestMethodWorker.run(TestMethodWorker.java:134)
at java.base/java.util.ArrayList.forEach(ArrayList.java:1511)
at org.testng.TestRunner.privateRun(TestRunner.java:739)
at org.testng.TestRunner.run(TestRunner.java:614)
at org.testng.SuiteRunner.runTest(SuiteRunner.java:421)
at org.testng.SuiteRunner.runSequentially(SuiteRunner.java:413)
at org.testng.SuiteRunner.privateRun(SuiteRunner.java:373)
at org.testng.SuiteRunner.run(SuiteRunner.java:312)
at org.testng.SuiteRunnerWorker.runSuite(SuiteRunnerWorker.java:52)
at org.testng.SuiteRunnerWorker.run(SuiteRunnerWorker.java:95)
at org.testng.TestNG.runSuitesSequentially(TestNG.java:1274)
at org.testng.TestNG.runSuitesLocally(TestNG.java:1208)
at org.testng.TestNG.runSuites(TestNG.java:1112)
at org.testng.TestNG.run(TestNG.java:1079)
at org.apache.maven.surefire.testng.TestNGExecutor.run(TestNGExecutor.java:308)
at org.apache.maven.surefire.testng.TestNGXmlTestSuite.execute(TestNGXmlTestSuite.java:71)
at org.apache.maven.surefire.testng.TestNGProvider.invoke(TestNGProvider.java:113)
at org.apache.maven.surefire.booter.ForkedBooter.runSuitesInProcess(ForkedBooter.java:385)
at org.apache.maven.surefire.booter.ForkedBooter.execute(ForkedBooter.java:162)
at org.apache.maven.surefire.booter.ForkedBooter.run(ForkedBooter.java:507)
at org.apache.maven.surefire.booter.ForkedBooter.main(ForkedBooter.java:495)
]]>
            </full-stacktrace>
          </exception> <!-- java.lang.AssertionError -->
          <reporter-output>
          </reporter-output>
        </test-method> <!-- verifySubscriptionUseralreadyExist -->
        <test-method is-config="true" signature="teardownClass()[pri:0, instance:com.ecom.tests.SubscriptionHomePageTest_Functional@45ca843]" started-at="2025-09-15T00:29:31 IST" name="teardownClass" finished-at="2025-09-15T00:29:33 IST" duration-ms="1818" status="PASS">
          <reporter-output>
          </reporter-output>
        </test-method> <!-- teardownClass -->
      </class> <!-- com.ecom.tests.SubscriptionHomePageTest_Functional -->
      <class name="com.ecom.tests.TestCasesPageTest_Functional">
        <test-method is-config="true" signature="setupClass()[pri:0, instance:com.ecom.tests.TestCasesPageTest_Functional@11c9af63]" started-at="2025-09-15T00:29:33 IST" name="setupClass" finished-at="2025-09-15T00:29:44 IST" duration-ms="11281" status="PASS">
          <reporter-output>
          </reporter-output>
        </test-method> <!-- setupClass -->
        <test-method signature="verifyBrowserLaunch()[pri:1, instance:com.ecom.tests.TestCasesPageTest_Functional@11c9af63]" started-at="2025-09-15T00:29:44 IST" name="verifyBrowserLaunch" finished-at="2025-09-15T00:29:45 IST" duration-ms="226" status="PASS">
          <reporter-output>
          </reporter-output>
        </test-method> <!-- verifyBrowserLaunch -->
        <test-method signature="verifyURLLoad()[pri:2, instance:com.ecom.tests.TestCasesPageTest_Functional@11c9af63]" started-at="2025-09-15T00:29:45 IST" name="verifyURLLoad" finished-at="2025-09-15T00:29:49 IST" duration-ms="4325" status="PASS">
          <reporter-output>
          </reporter-output>
        </test-method> <!-- verifyURLLoad -->
        <test-method signature="verifyHomePageVisibility()[pri:3, instance:com.ecom.tests.TestCasesPageTest_Functional@11c9af63]" started-at="2025-09-15T00:29:49 IST" name="verifyHomePageVisibility" finished-at="2025-09-15T00:29:49 IST" duration-ms="309" status="PASS">
          <reporter-output>
          </reporter-output>
        </test-method> <!-- verifyHomePageVisibility -->
        <test-method signature="verifyTestCasesButtonAvailability()[pri:4, instance:com.ecom.tests.TestCasesPageTest_Functional@11c9af63]" started-at="2025-09-15T00:29:49 IST" name="verifyTestCasesButtonAvailability" finished-at="2025-09-15T00:29:49 IST" duration-ms="209" status="PASS">
          <reporter-output>
          </reporter-output>
        </test-method> <!-- verifyTestCasesButtonAvailability -->
        <test-method signature="verifyNavigationToTestCasesPage()[pri:5, instance:com.ecom.tests.TestCasesPageTest_Functional@11c9af63]" started-at="2025-09-15T00:29:49 IST" name="verifyNavigationToTestCasesPage" finished-at="2025-09-15T00:29:51 IST" duration-ms="1112" status="PASS">
          <reporter-output>
          </reporter-output>
        </test-method> <!-- verifyNavigationToTestCasesPage -->
        <test-method signature="verifyTestCasesPageTitle()[pri:6, instance:com.ecom.tests.TestCasesPageTest_Functional@11c9af63]" started-at="2025-09-15T00:29:51 IST" name="verifyTestCasesPageTitle" finished-at="2025-09-15T00:29:51 IST" duration-ms="215" status="PASS">
          <reporter-output>
          </reporter-output>
        </test-method> <!-- verifyTestCasesPageTitle -->
        <test-method signature="verifyTestCasesPageContent()[pri:7, instance:com.ecom.tests.TestCasesPageTest_Functional@11c9af63]" started-at="2025-09-15T00:29:51 IST" name="verifyTestCasesPageContent" finished-at="2025-09-15T00:29:51 IST" duration-ms="151" status="PASS">
          <reporter-output>
          </reporter-output>
        </test-method> <!-- verifyTestCasesPageContent -->
        <test-method signature="verifyDetailedStepsVisibility()[pri:8, instance:com.ecom.tests.TestCasesPageTest_Functional@11c9af63]" started-at="2025-09-15T00:29:51 IST" name="verifyDetailedStepsVisibility" finished-at="2025-09-15T00:29:52 IST" duration-ms="606" status="PASS">
          <reporter-output>
          </reporter-output>
        </test-method> <!-- verifyDetailedStepsVisibility -->
        <test-method signature="verifyFeedbackSectionPresence()[pri:9, instance:com.ecom.tests.TestCasesPageTest_Functional@11c9af63]" started-at="2025-09-15T00:29:52 IST" name="verifyFeedbackSectionPresence" finished-at="2025-09-15T00:29:52 IST" duration-ms="199" status="PASS">
          <reporter-output>
          </reporter-output>
        </test-method> <!-- verifyFeedbackSectionPresence -->
        <test-method signature="verifyHyperlinksPresence()[pri:10, instance:com.ecom.tests.TestCasesPageTest_Functional@11c9af63]" started-at="2025-09-15T00:29:52 IST" name="verifyHyperlinksPresence" finished-at="2025-09-15T00:29:52 IST" duration-ms="206" status="PASS">
          <reporter-output>
          </reporter-output>
        </test-method> <!-- verifyHyperlinksPresence -->
        <test-method signature="verifyFeedbackEmailPresence()[pri:11, instance:com.ecom.tests.TestCasesPageTest_Functional@11c9af63]" started-at="2025-09-15T00:29:52 IST" name="verifyFeedbackEmailPresence" finished-at="2025-09-15T00:29:52 IST" duration-ms="221" status="PASS">
          <reporter-output>
          </reporter-output>
        </test-method> <!-- verifyFeedbackEmailPresence -->
        <test-method signature="verifyScrollBarFunctionality()[pri:12, instance:com.ecom.tests.TestCasesPageTest_Functional@11c9af63]" started-at="2025-09-15T00:29:52 IST" name="verifyScrollBarFunctionality" finished-at="2025-09-15T00:29:52 IST" duration-ms="139" status="PASS">
          <reporter-output>
          </reporter-output>
        </test-method> <!-- verifyScrollBarFunctionality -->
        <test-method signature="verifyScrollToTopArrowFunctionality()[pri:13, instance:com.ecom.tests.TestCasesPageTest_Functional@11c9af63]" started-at="2025-09-15T00:29:52 IST" name="verifyScrollToTopArrowFunctionality" finished-at="2025-09-15T00:29:53 IST" duration-ms="293" status="PASS">
          <reporter-output>
          </reporter-output>
        </test-method> <!-- verifyScrollToTopArrowFunctionality -->
        <test-method signature="verifySubscriptionWithEmptyEmail()[pri:14, instance:com.ecom.tests.TestCasesPageTest_Functional@11c9af63]" started-at="2025-09-15T00:29:53 IST" name="verifySubscriptionWithEmptyEmail" finished-at="2025-09-15T00:30:04 IST" duration-ms="10975" status="PASS">
          <reporter-output>
          </reporter-output>
        </test-method> <!-- verifySubscriptionWithEmptyEmail -->
        <test-method signature="verifySubscriptionWithValidEmail(java.lang.String)[pri:15, instance:com.ecom.tests.TestCasesPageTest_Functional@11c9af63]" started-at="2025-09-15T00:30:04 IST" name="verifySubscriptionWithValidEmail" data-provider="validSubscriptionData" finished-at="2025-09-15T00:30:04 IST" duration-ms="677" status="PASS">
          <params>
            <param index="0">
              <value>
                <![CDATA[keerthi12@gmail.com]]>
              </value>
            </param>
          </params>
          <reporter-output>
          </reporter-output>
        </test-method> <!-- verifySubscriptionWithValidEmail -->
        <test-method signature="verifySubscriptionWithInvalidEmail(java.lang.String)[pri:16, instance:com.ecom.tests.TestCasesPageTest_Functional@11c9af63]" started-at="2025-09-15T00:30:04 IST" name="verifySubscriptionWithInvalidEmail" data-provider="invalidSubscriptionData" finished-at="2025-09-15T00:30:05 IST" duration-ms="569" status="FAIL">
          <params>
            <param index="0">
              <value>
                <![CDATA[keerthi12gmail.com]]>
              </value>
            </param>
          </params>
          <exception class="java.lang.AssertionError">
            <message>
              <![CDATA[Invalid email should not be accepted: keerthi12gmail.com expected [false] but found [true]]]>
            </message>
            <full-stacktrace>
              <![CDATA[java.lang.AssertionError: Invalid email should not be accepted: keerthi12gmail.com expected [false] but found [true]
at org.testng.Assert.fail(Assert.java:111)
at org.testng.Assert.failNotEquals(Assert.java:1578)
at org.testng.Assert.assertFalse(Assert.java:79)
at com.ecom.tests.TestCasesPageTest_Functional.verifySubscriptionWithInvalidEmail(TestCasesPageTest_Functional.java:345)
at java.base/jdk.internal.reflect.NativeMethodAccessorImpl.invoke0(Native Method)
at java.base/jdk.internal.reflect.NativeMethodAccessorImpl.invoke(NativeMethodAccessorImpl.java:77)
at java.base/jdk.internal.reflect.DelegatingMethodAccessorImpl.invoke(DelegatingMethodAccessorImpl.java:43)
at java.base/java.lang.reflect.Method.invoke(Method.java:568)
at org.testng.internal.invokers.MethodInvocationHelper.invokeMethod(MethodInvocationHelper.java:141)
at org.testng.internal.invokers.TestInvoker.invokeMethod(TestInvoker.java:686)
at org.testng.internal.invokers.TestInvoker.invokeTestMethod(TestInvoker.java:230)
at org.testng.internal.invokers.MethodRunner.runInSequence(MethodRunner.java:63)
at org.testng.internal.invokers.TestInvoker$MethodInvocationAgent.invoke(TestInvoker.java:992)
at org.testng.internal.invokers.TestInvoker.invokeTestMethods(TestInvoker.java:203)
at org.testng.internal.invokers.TestMethodWorker.invokeTestMethods(TestMethodWorker.java:154)
at org.testng.internal.invokers.TestMethodWorker.run(TestMethodWorker.java:134)
at java.base/java.util.ArrayList.forEach(ArrayList.java:1511)
at org.testng.TestRunner.privateRun(TestRunner.java:739)
at org.testng.TestRunner.run(TestRunner.java:614)
at org.testng.SuiteRunner.runTest(SuiteRunner.java:421)
at org.testng.SuiteRunner.runSequentially(SuiteRunner.java:413)
at org.testng.SuiteRunner.privateRun(SuiteRunner.java:373)
at org.testng.SuiteRunner.run(SuiteRunner.java:312)
at org.testng.SuiteRunnerWorker.runSuite(SuiteRunnerWorker.java:52)
at org.testng.SuiteRunnerWorker.run(SuiteRunnerWorker.java:95)
at org.testng.TestNG.runSuitesSequentially(TestNG.java:1274)
at org.testng.TestNG.runSuitesLocally(TestNG.java:1208)
at org.testng.TestNG.runSuites(TestNG.java:1112)
at org.testng.TestNG.run(TestNG.java:1079)
at org.apache.maven.surefire.testng.TestNGExecutor.run(TestNGExecutor.java:308)
at org.apache.maven.surefire.testng.TestNGXmlTestSuite.execute(TestNGXmlTestSuite.java:71)
at org.apache.maven.surefire.testng.TestNGProvider.invoke(TestNGProvider.java:113)
at org.apache.maven.surefire.booter.ForkedBooter.runSuitesInProcess(ForkedBooter.java:385)
at org.apache.maven.surefire.booter.ForkedBooter.execute(ForkedBooter.java:162)
at org.apache.maven.surefire.booter.ForkedBooter.run(ForkedBooter.java:507)
at org.apache.maven.surefire.booter.ForkedBooter.main(ForkedBooter.java:495)
]]>
            </full-stacktrace>
          </exception> <!-- java.lang.AssertionError -->
          <reporter-output>
          </reporter-output>
        </test-method> <!-- verifySubscriptionWithInvalidEmail -->
        <test-method is-config="true" signature="teardownClass()[pri:0, instance:com.ecom.tests.TestCasesPageTest_Functional@11c9af63]" started-at="2025-09-15T00:30:05 IST" name="teardownClass" finished-at="2025-09-15T00:30:05 IST" duration-ms="420" status="PASS">
          <reporter-output>
          </reporter-output>
        </test-method> <!-- teardownClass -->
      </class> <!-- com.ecom.tests.TestCasesPageTest_Functional -->
    </test> <!-- UI and Functional Test -->
  </suite> <!-- Suite -->
</testng-results>
